[2023-09-22 22:47:01] local.DEBUG: User Login Success. Name: General User | Id: 5 | Email: user@user.com | Username: 100005 IP:127.0.0.1 | UpdateProfileLoginData  
[2023-09-22 22:49:48] local.DEBUG: User Login Success. Name: Admin Account | Id: 2 | Email: admin@admin.com | Username: 100002 IP:127.0.0.1 | UpdateProfileLoginData  
[2023-09-22 22:50:01] local.INFO: Roles List | User:Admin Account(ID:2)  
[2023-09-22 22:54:44] local.INFO: Roles List | User:Admin Account(ID:2)  
[2023-09-22 22:54:57] local.INFO: Roles Edit | User:Admin Account(ID:2)  
[2023-09-22 22:55:35] local.INFO: Roles Update | User:Admin Account(ID:2)  
[2023-09-22 22:55:35] local.INFO: Roles List | User:Admin Account(ID:2)  
[2023-09-22 22:56:13] local.INFO: Roles List | User:Admin Account(ID:2)  
[2023-09-22 22:57:01] local.INFO: Users Profile Show | User:Admin Account(ID:2)  
[2023-09-22 22:57:48] local.INFO: Users Edit Profile | User:Admin Account(ID:2)  
[2023-09-22 23:03:32] local.INFO: Users Profile Show | User:Admin Account(ID:2)  
[2023-09-22 23:03:36] local.INFO: Roles List | User:Admin Account(ID:2)  
[2023-09-22 23:03:47] local.INFO: Roles Edit | User:Admin Account(ID:2)  
[2023-09-22 23:04:01] local.INFO: Roles Update | User:Admin Account(ID:2)  
[2023-09-22 23:04:01] local.INFO: Roles List | User:Admin Account(ID:2)  
[2023-09-22 23:04:07] local.INFO: Roles Edit | User:Admin Account(ID:2)  
[2023-09-22 23:04:36] local.INFO: Roles Update | User:Admin Account(ID:2)  
[2023-09-22 23:04:37] local.INFO: Roles List | User:Admin Account(ID:2)  
[2023-09-22 23:05:01] local.INFO: Roles List | User:Admin Account(ID:2)  
[2023-09-22 23:05:18] local.DEBUG: User Login Success. Name: General User | Id: 5 | Email: user@user.com | Username: 100005 IP:127.0.0.1 | UpdateProfileLoginData  
[2023-09-22 23:05:46] local.ERROR: Call to a member function add() on null {"exception":"[object] (Error(code: 0): Call to a member function add() on null at /Users/mona/Downloads/xwiner/Modules/Category/Http/Middleware/GenerateMenus.php:105)
[stacktrace]
#0 [internal function]: Modules\\Category\\Http\\Middleware\\GenerateMenus->Modules\\Category\\Http\\Middleware\\{closure}(Object(Lavary\\Menu\\Builder))
#1 /Users/mona/Downloads/xwiner/vendor/lavary/laravel-menu/src/Lavary/Menu/Menu.php(81): call_user_func(Object(Closure), Object(Lavary\\Menu\\Builder))
#2 /Users/mona/Downloads/xwiner/vendor/laravel/framework/src/Illuminate/Support/Facades/Facade.php(353): Lavary\\Menu\\Menu->make('admin_sidebar', Object(Closure))
#3 /Users/mona/Downloads/xwiner/Modules/Category/Http/Middleware/GenerateMenus.php(24): Illuminate\\Support\\Facades\\Facade::__callStatic('make', Array)
#4 /Users/mona/Downloads/xwiner/vendor/laravel/framework/src/Illuminate/Pipeline/Pipeline.php(180): Modules\\Category\\Http\\Middleware\\GenerateMenus->handle(Object(Illuminate\\Http\\Request), Object(Closure))
#5 /Users/mona/Downloads/xwiner/vendor/livewire/livewire/src/DisableBrowserCache.php(19): Illuminate\\Pipeline\\Pipeline->Illuminate\\Pipeline\\{closure}(Object(Illuminate\\Http\\Request))
#6 /Users/mona/Downloads/xwiner/vendor/laravel/framework/src/Illuminate/Pipeline/Pipeline.php(180): Livewire\\DisableBrowserCache->handle(Object(Illuminate\\Http\\Request), Object(Closure))
#7 /Users/mona/Downloads/xwiner/vendor/barryvdh/laravel-debugbar/src/Middleware/InjectDebugbar.php(66): Illuminate\\Pipeline\\Pipeline->Illuminate\\Pipeline\\{closure}(Object(Illuminate\\Http\\Request))
#8 /Users/mona/Downloads/xwiner/vendor/laravel/framework/src/Illuminate/Pipeline/Pipeline.php(180): Barryvdh\\Debugbar\\Middleware\\InjectDebugbar->handle(Object(Illuminate\\Http\\Request), Object(Closure))
#9 /Users/mona/Downloads/xwiner/vendor/laravel/framework/src/Illuminate/Foundation/Http/Middleware/TransformsRequest.php(21): Illuminate\\Pipeline\\Pipeline->Illuminate\\Pipeline\\{closure}(Object(Illuminate\\Http\\Request))
#10 /Users/mona/Downloads/xwiner/vendor/laravel/framework/src/Illuminate/Foundation/Http/Middleware/ConvertEmptyStringsToNull.php(31): Illuminate\\Foundation\\Http\\Middleware\\TransformsRequest->handle(Object(Illuminate\\Http\\Request), Object(Closure))
#11 /Users/mona/Downloads/xwiner/vendor/laravel/framework/src/Illuminate/Pipeline/Pipeline.php(180): Illuminate\\Foundation\\Http\\Middleware\\ConvertEmptyStringsToNull->handle(Object(Illuminate\\Http\\Request), Object(Closure))
#12 /Users/mona/Downloads/xwiner/vendor/laravel/framework/src/Illuminate/Foundation/Http/Middleware/TransformsRequest.php(21): Illuminate\\Pipeline\\Pipeline->Illuminate\\Pipeline\\{closure}(Object(Illuminate\\Http\\Request))
#13 /Users/mona/Downloads/xwiner/vendor/laravel/framework/src/Illuminate/Foundation/Http/Middleware/TrimStrings.php(40): Illuminate\\Foundation\\Http\\Middleware\\TransformsRequest->handle(Object(Illuminate\\Http\\Request), Object(Closure))
#14 /Users/mona/Downloads/xwiner/vendor/laravel/framework/src/Illuminate/Pipeline/Pipeline.php(180): Illuminate\\Foundation\\Http\\Middleware\\TrimStrings->handle(Object(Illuminate\\Http\\Request), Object(Closure))
#15 /Users/mona/Downloads/xwiner/vendor/laravel/framework/src/Illuminate/Foundation/Http/Middleware/ValidatePostSize.php(27): Illuminate\\Pipeline\\Pipeline->Illuminate\\Pipeline\\{closure}(Object(Illuminate\\Http\\Request))
#16 /Users/mona/Downloads/xwiner/vendor/laravel/framework/src/Illuminate/Pipeline/Pipeline.php(180): Illuminate\\Foundation\\Http\\Middleware\\ValidatePostSize->handle(Object(Illuminate\\Http\\Request), Object(Closure))
#17 /Users/mona/Downloads/xwiner/vendor/laravel/framework/src/Illuminate/Foundation/Http/Middleware/PreventRequestsDuringMaintenance.php(86): Illuminate\\Pipeline\\Pipeline->Illuminate\\Pipeline\\{closure}(Object(Illuminate\\Http\\Request))
#18 /Users/mona/Downloads/xwiner/vendor/laravel/framework/src/Illuminate/Pipeline/Pipeline.php(180): Illuminate\\Foundation\\Http\\Middleware\\PreventRequestsDuringMaintenance->handle(Object(Illuminate\\Http\\Request), Object(Closure))
#19 /Users/mona/Downloads/xwiner/vendor/laravel/framework/src/Illuminate/Http/Middleware/HandleCors.php(49): Illuminate\\Pipeline\\Pipeline->Illuminate\\Pipeline\\{closure}(Object(Illuminate\\Http\\Request))
#20 /Users/mona/Downloads/xwiner/vendor/laravel/framework/src/Illuminate/Pipeline/Pipeline.php(180): Illuminate\\Http\\Middleware\\HandleCors->handle(Object(Illuminate\\Http\\Request), Object(Closure))
#21 /Users/mona/Downloads/xwiner/vendor/laravel/framework/src/Illuminate/Http/Middleware/TrustProxies.php(39): Illuminate\\Pipeline\\Pipeline->Illuminate\\Pipeline\\{closure}(Object(Illuminate\\Http\\Request))
#22 /Users/mona/Downloads/xwiner/vendor/laravel/framework/src/Illuminate/Pipeline/Pipeline.php(180): Illuminate\\Http\\Middleware\\TrustProxies->handle(Object(Illuminate\\Http\\Request), Object(Closure))
#23 /Users/mona/Downloads/xwiner/vendor/laravel/framework/src/Illuminate/Pipeline/Pipeline.php(116): Illuminate\\Pipeline\\Pipeline->Illuminate\\Pipeline\\{closure}(Object(Illuminate\\Http\\Request))
#24 /Users/mona/Downloads/xwiner/vendor/laravel/framework/src/Illuminate/Foundation/Http/Kernel.php(175): Illuminate\\Pipeline\\Pipeline->then(Object(Closure))
#25 /Users/mona/Downloads/xwiner/vendor/laravel/framework/src/Illuminate/Foundation/Http/Kernel.php(144): Illuminate\\Foundation\\Http\\Kernel->sendRequestThroughRouter(Object(Illuminate\\Http\\Request))
#26 /Users/mona/Downloads/xwiner/public/index.php(51): Illuminate\\Foundation\\Http\\Kernel->handle(Object(Illuminate\\Http\\Request))
#27 /Users/mona/Downloads/xwiner/vendor/laravel/framework/src/Illuminate/Foundation/resources/server.php(16): require_once('/Users/mona/Dow...')
#28 {main}
"} 
[2023-09-22 23:07:32] local.ERROR: Attempt to read property "id" on null {"exception":"[object] (ErrorException(code: 0): Attempt to read property \"id\" on null at /Users/mona/Downloads/xwiner/Modules/Category/Http/Middleware/GenerateMenus.php:106)
[stacktrace]
#0 /Users/mona/Downloads/xwiner/vendor/laravel/framework/src/Illuminate/Foundation/Bootstrap/HandleExceptions.php(254): Illuminate\\Foundation\\Bootstrap\\HandleExceptions->handleError(2, 'Attempt to read...', '/Users/mona/Dow...', 106)
#1 /Users/mona/Downloads/xwiner/Modules/Category/Http/Middleware/GenerateMenus.php(106): Illuminate\\Foundation\\Bootstrap\\HandleExceptions->Illuminate\\Foundation\\Bootstrap\\{closure}(2, 'Attempt to read...', '/Users/mona/Dow...', 106)
#2 [internal function]: Modules\\Category\\Http\\Middleware\\GenerateMenus->Modules\\Category\\Http\\Middleware\\{closure}(Object(Lavary\\Menu\\Builder))
#3 /Users/mona/Downloads/xwiner/vendor/lavary/laravel-menu/src/Lavary/Menu/Menu.php(81): call_user_func(Object(Closure), Object(Lavary\\Menu\\Builder))
#4 /Users/mona/Downloads/xwiner/vendor/laravel/framework/src/Illuminate/Support/Facades/Facade.php(353): Lavary\\Menu\\Menu->make('admin_sidebar', Object(Closure))
#5 /Users/mona/Downloads/xwiner/Modules/Category/Http/Middleware/GenerateMenus.php(24): Illuminate\\Support\\Facades\\Facade::__callStatic('make', Array)
#6 /Users/mona/Downloads/xwiner/vendor/laravel/framework/src/Illuminate/Pipeline/Pipeline.php(180): Modules\\Category\\Http\\Middleware\\GenerateMenus->handle(Object(Illuminate\\Http\\Request), Object(Closure))
#7 /Users/mona/Downloads/xwiner/vendor/livewire/livewire/src/DisableBrowserCache.php(19): Illuminate\\Pipeline\\Pipeline->Illuminate\\Pipeline\\{closure}(Object(Illuminate\\Http\\Request))
#8 /Users/mona/Downloads/xwiner/vendor/laravel/framework/src/Illuminate/Pipeline/Pipeline.php(180): Livewire\\DisableBrowserCache->handle(Object(Illuminate\\Http\\Request), Object(Closure))
#9 /Users/mona/Downloads/xwiner/vendor/barryvdh/laravel-debugbar/src/Middleware/InjectDebugbar.php(66): Illuminate\\Pipeline\\Pipeline->Illuminate\\Pipeline\\{closure}(Object(Illuminate\\Http\\Request))
#10 /Users/mona/Downloads/xwiner/vendor/laravel/framework/src/Illuminate/Pipeline/Pipeline.php(180): Barryvdh\\Debugbar\\Middleware\\InjectDebugbar->handle(Object(Illuminate\\Http\\Request), Object(Closure))
#11 /Users/mona/Downloads/xwiner/vendor/laravel/framework/src/Illuminate/Foundation/Http/Middleware/TransformsRequest.php(21): Illuminate\\Pipeline\\Pipeline->Illuminate\\Pipeline\\{closure}(Object(Illuminate\\Http\\Request))
#12 /Users/mona/Downloads/xwiner/vendor/laravel/framework/src/Illuminate/Foundation/Http/Middleware/ConvertEmptyStringsToNull.php(31): Illuminate\\Foundation\\Http\\Middleware\\TransformsRequest->handle(Object(Illuminate\\Http\\Request), Object(Closure))
#13 /Users/mona/Downloads/xwiner/vendor/laravel/framework/src/Illuminate/Pipeline/Pipeline.php(180): Illuminate\\Foundation\\Http\\Middleware\\ConvertEmptyStringsToNull->handle(Object(Illuminate\\Http\\Request), Object(Closure))
#14 /Users/mona/Downloads/xwiner/vendor/laravel/framework/src/Illuminate/Foundation/Http/Middleware/TransformsRequest.php(21): Illuminate\\Pipeline\\Pipeline->Illuminate\\Pipeline\\{closure}(Object(Illuminate\\Http\\Request))
#15 /Users/mona/Downloads/xwiner/vendor/laravel/framework/src/Illuminate/Foundation/Http/Middleware/TrimStrings.php(40): Illuminate\\Foundation\\Http\\Middleware\\TransformsRequest->handle(Object(Illuminate\\Http\\Request), Object(Closure))
#16 /Users/mona/Downloads/xwiner/vendor/laravel/framework/src/Illuminate/Pipeline/Pipeline.php(180): Illuminate\\Foundation\\Http\\Middleware\\TrimStrings->handle(Object(Illuminate\\Http\\Request), Object(Closure))
#17 /Users/mona/Downloads/xwiner/vendor/laravel/framework/src/Illuminate/Foundation/Http/Middleware/ValidatePostSize.php(27): Illuminate\\Pipeline\\Pipeline->Illuminate\\Pipeline\\{closure}(Object(Illuminate\\Http\\Request))
#18 /Users/mona/Downloads/xwiner/vendor/laravel/framework/src/Illuminate/Pipeline/Pipeline.php(180): Illuminate\\Foundation\\Http\\Middleware\\ValidatePostSize->handle(Object(Illuminate\\Http\\Request), Object(Closure))
#19 /Users/mona/Downloads/xwiner/vendor/laravel/framework/src/Illuminate/Foundation/Http/Middleware/PreventRequestsDuringMaintenance.php(86): Illuminate\\Pipeline\\Pipeline->Illuminate\\Pipeline\\{closure}(Object(Illuminate\\Http\\Request))
#20 /Users/mona/Downloads/xwiner/vendor/laravel/framework/src/Illuminate/Pipeline/Pipeline.php(180): Illuminate\\Foundation\\Http\\Middleware\\PreventRequestsDuringMaintenance->handle(Object(Illuminate\\Http\\Request), Object(Closure))
#21 /Users/mona/Downloads/xwiner/vendor/laravel/framework/src/Illuminate/Http/Middleware/HandleCors.php(49): Illuminate\\Pipeline\\Pipeline->Illuminate\\Pipeline\\{closure}(Object(Illuminate\\Http\\Request))
#22 /Users/mona/Downloads/xwiner/vendor/laravel/framework/src/Illuminate/Pipeline/Pipeline.php(180): Illuminate\\Http\\Middleware\\HandleCors->handle(Object(Illuminate\\Http\\Request), Object(Closure))
#23 /Users/mona/Downloads/xwiner/vendor/laravel/framework/src/Illuminate/Http/Middleware/TrustProxies.php(39): Illuminate\\Pipeline\\Pipeline->Illuminate\\Pipeline\\{closure}(Object(Illuminate\\Http\\Request))
#24 /Users/mona/Downloads/xwiner/vendor/laravel/framework/src/Illuminate/Pipeline/Pipeline.php(180): Illuminate\\Http\\Middleware\\TrustProxies->handle(Object(Illuminate\\Http\\Request), Object(Closure))
#25 /Users/mona/Downloads/xwiner/vendor/laravel/framework/src/Illuminate/Pipeline/Pipeline.php(116): Illuminate\\Pipeline\\Pipeline->Illuminate\\Pipeline\\{closure}(Object(Illuminate\\Http\\Request))
#26 /Users/mona/Downloads/xwiner/vendor/laravel/framework/src/Illuminate/Foundation/Http/Kernel.php(175): Illuminate\\Pipeline\\Pipeline->then(Object(Closure))
#27 /Users/mona/Downloads/xwiner/vendor/laravel/framework/src/Illuminate/Foundation/Http/Kernel.php(144): Illuminate\\Foundation\\Http\\Kernel->sendRequestThroughRouter(Object(Illuminate\\Http\\Request))
#28 /Users/mona/Downloads/xwiner/public/index.php(51): Illuminate\\Foundation\\Http\\Kernel->handle(Object(Illuminate\\Http\\Request))
#29 /Users/mona/Downloads/xwiner/vendor/laravel/framework/src/Illuminate/Foundation/resources/server.php(16): require_once('/Users/mona/Dow...')
#30 {main}
"} 
[2023-09-22 23:07:52] local.ERROR: Undefined property: Illuminate\Auth\AuthManager::$id {"exception":"[object] (ErrorException(code: 0): Undefined property: Illuminate\\Auth\\AuthManager::$id at /Users/mona/Downloads/xwiner/Modules/Category/Http/Middleware/GenerateMenus.php:106)
[stacktrace]
#0 /Users/mona/Downloads/xwiner/vendor/laravel/framework/src/Illuminate/Foundation/Bootstrap/HandleExceptions.php(254): Illuminate\\Foundation\\Bootstrap\\HandleExceptions->handleError(2, 'Undefined prope...', '/Users/mona/Dow...', 106)
#1 /Users/mona/Downloads/xwiner/Modules/Category/Http/Middleware/GenerateMenus.php(106): Illuminate\\Foundation\\Bootstrap\\HandleExceptions->Illuminate\\Foundation\\Bootstrap\\{closure}(2, 'Undefined prope...', '/Users/mona/Dow...', 106)
#2 [internal function]: Modules\\Category\\Http\\Middleware\\GenerateMenus->Modules\\Category\\Http\\Middleware\\{closure}(Object(Lavary\\Menu\\Builder))
#3 /Users/mona/Downloads/xwiner/vendor/lavary/laravel-menu/src/Lavary/Menu/Menu.php(81): call_user_func(Object(Closure), Object(Lavary\\Menu\\Builder))
#4 /Users/mona/Downloads/xwiner/vendor/laravel/framework/src/Illuminate/Support/Facades/Facade.php(353): Lavary\\Menu\\Menu->make('admin_sidebar', Object(Closure))
#5 /Users/mona/Downloads/xwiner/Modules/Category/Http/Middleware/GenerateMenus.php(24): Illuminate\\Support\\Facades\\Facade::__callStatic('make', Array)
#6 /Users/mona/Downloads/xwiner/vendor/laravel/framework/src/Illuminate/Pipeline/Pipeline.php(180): Modules\\Category\\Http\\Middleware\\GenerateMenus->handle(Object(Illuminate\\Http\\Request), Object(Closure))
#7 /Users/mona/Downloads/xwiner/vendor/livewire/livewire/src/DisableBrowserCache.php(19): Illuminate\\Pipeline\\Pipeline->Illuminate\\Pipeline\\{closure}(Object(Illuminate\\Http\\Request))
#8 /Users/mona/Downloads/xwiner/vendor/laravel/framework/src/Illuminate/Pipeline/Pipeline.php(180): Livewire\\DisableBrowserCache->handle(Object(Illuminate\\Http\\Request), Object(Closure))
#9 /Users/mona/Downloads/xwiner/vendor/barryvdh/laravel-debugbar/src/Middleware/InjectDebugbar.php(66): Illuminate\\Pipeline\\Pipeline->Illuminate\\Pipeline\\{closure}(Object(Illuminate\\Http\\Request))
#10 /Users/mona/Downloads/xwiner/vendor/laravel/framework/src/Illuminate/Pipeline/Pipeline.php(180): Barryvdh\\Debugbar\\Middleware\\InjectDebugbar->handle(Object(Illuminate\\Http\\Request), Object(Closure))
#11 /Users/mona/Downloads/xwiner/vendor/laravel/framework/src/Illuminate/Foundation/Http/Middleware/TransformsRequest.php(21): Illuminate\\Pipeline\\Pipeline->Illuminate\\Pipeline\\{closure}(Object(Illuminate\\Http\\Request))
#12 /Users/mona/Downloads/xwiner/vendor/laravel/framework/src/Illuminate/Foundation/Http/Middleware/ConvertEmptyStringsToNull.php(31): Illuminate\\Foundation\\Http\\Middleware\\TransformsRequest->handle(Object(Illuminate\\Http\\Request), Object(Closure))
#13 /Users/mona/Downloads/xwiner/vendor/laravel/framework/src/Illuminate/Pipeline/Pipeline.php(180): Illuminate\\Foundation\\Http\\Middleware\\ConvertEmptyStringsToNull->handle(Object(Illuminate\\Http\\Request), Object(Closure))
#14 /Users/mona/Downloads/xwiner/vendor/laravel/framework/src/Illuminate/Foundation/Http/Middleware/TransformsRequest.php(21): Illuminate\\Pipeline\\Pipeline->Illuminate\\Pipeline\\{closure}(Object(Illuminate\\Http\\Request))
#15 /Users/mona/Downloads/xwiner/vendor/laravel/framework/src/Illuminate/Foundation/Http/Middleware/TrimStrings.php(40): Illuminate\\Foundation\\Http\\Middleware\\TransformsRequest->handle(Object(Illuminate\\Http\\Request), Object(Closure))
#16 /Users/mona/Downloads/xwiner/vendor/laravel/framework/src/Illuminate/Pipeline/Pipeline.php(180): Illuminate\\Foundation\\Http\\Middleware\\TrimStrings->handle(Object(Illuminate\\Http\\Request), Object(Closure))
#17 /Users/mona/Downloads/xwiner/vendor/laravel/framework/src/Illuminate/Foundation/Http/Middleware/ValidatePostSize.php(27): Illuminate\\Pipeline\\Pipeline->Illuminate\\Pipeline\\{closure}(Object(Illuminate\\Http\\Request))
#18 /Users/mona/Downloads/xwiner/vendor/laravel/framework/src/Illuminate/Pipeline/Pipeline.php(180): Illuminate\\Foundation\\Http\\Middleware\\ValidatePostSize->handle(Object(Illuminate\\Http\\Request), Object(Closure))
#19 /Users/mona/Downloads/xwiner/vendor/laravel/framework/src/Illuminate/Foundation/Http/Middleware/PreventRequestsDuringMaintenance.php(86): Illuminate\\Pipeline\\Pipeline->Illuminate\\Pipeline\\{closure}(Object(Illuminate\\Http\\Request))
#20 /Users/mona/Downloads/xwiner/vendor/laravel/framework/src/Illuminate/Pipeline/Pipeline.php(180): Illuminate\\Foundation\\Http\\Middleware\\PreventRequestsDuringMaintenance->handle(Object(Illuminate\\Http\\Request), Object(Closure))
#21 /Users/mona/Downloads/xwiner/vendor/laravel/framework/src/Illuminate/Http/Middleware/HandleCors.php(49): Illuminate\\Pipeline\\Pipeline->Illuminate\\Pipeline\\{closure}(Object(Illuminate\\Http\\Request))
#22 /Users/mona/Downloads/xwiner/vendor/laravel/framework/src/Illuminate/Pipeline/Pipeline.php(180): Illuminate\\Http\\Middleware\\HandleCors->handle(Object(Illuminate\\Http\\Request), Object(Closure))
#23 /Users/mona/Downloads/xwiner/vendor/laravel/framework/src/Illuminate/Http/Middleware/TrustProxies.php(39): Illuminate\\Pipeline\\Pipeline->Illuminate\\Pipeline\\{closure}(Object(Illuminate\\Http\\Request))
#24 /Users/mona/Downloads/xwiner/vendor/laravel/framework/src/Illuminate/Pipeline/Pipeline.php(180): Illuminate\\Http\\Middleware\\TrustProxies->handle(Object(Illuminate\\Http\\Request), Object(Closure))
#25 /Users/mona/Downloads/xwiner/vendor/laravel/framework/src/Illuminate/Pipeline/Pipeline.php(116): Illuminate\\Pipeline\\Pipeline->Illuminate\\Pipeline\\{closure}(Object(Illuminate\\Http\\Request))
#26 /Users/mona/Downloads/xwiner/vendor/laravel/framework/src/Illuminate/Foundation/Http/Kernel.php(175): Illuminate\\Pipeline\\Pipeline->then(Object(Closure))
#27 /Users/mona/Downloads/xwiner/vendor/laravel/framework/src/Illuminate/Foundation/Http/Kernel.php(144): Illuminate\\Foundation\\Http\\Kernel->sendRequestThroughRouter(Object(Illuminate\\Http\\Request))
#28 /Users/mona/Downloads/xwiner/public/index.php(51): Illuminate\\Foundation\\Http\\Kernel->handle(Object(Illuminate\\Http\\Request))
#29 /Users/mona/Downloads/xwiner/vendor/laravel/framework/src/Illuminate/Foundation/resources/server.php(16): require_once('/Users/mona/Dow...')
#30 {main}
"} 
[2023-09-22 23:08:27] local.ERROR: Attempt to read property "id" on null {"exception":"[object] (ErrorException(code: 0): Attempt to read property \"id\" on null at /Users/mona/Downloads/xwiner/Modules/Category/Http/Middleware/GenerateMenus.php:103)
[stacktrace]
#0 /Users/mona/Downloads/xwiner/vendor/laravel/framework/src/Illuminate/Foundation/Bootstrap/HandleExceptions.php(254): Illuminate\\Foundation\\Bootstrap\\HandleExceptions->handleError(2, 'Attempt to read...', '/Users/mona/Dow...', 103)
#1 /Users/mona/Downloads/xwiner/Modules/Category/Http/Middleware/GenerateMenus.php(103): Illuminate\\Foundation\\Bootstrap\\HandleExceptions->Illuminate\\Foundation\\Bootstrap\\{closure}(2, 'Attempt to read...', '/Users/mona/Dow...', 103)
#2 [internal function]: Modules\\Category\\Http\\Middleware\\GenerateMenus->Modules\\Category\\Http\\Middleware\\{closure}(Object(Lavary\\Menu\\Builder))
#3 /Users/mona/Downloads/xwiner/vendor/lavary/laravel-menu/src/Lavary/Menu/Menu.php(81): call_user_func(Object(Closure), Object(Lavary\\Menu\\Builder))
#4 /Users/mona/Downloads/xwiner/vendor/laravel/framework/src/Illuminate/Support/Facades/Facade.php(353): Lavary\\Menu\\Menu->make('admin_sidebar', Object(Closure))
#5 /Users/mona/Downloads/xwiner/Modules/Category/Http/Middleware/GenerateMenus.php(24): Illuminate\\Support\\Facades\\Facade::__callStatic('make', Array)
#6 /Users/mona/Downloads/xwiner/vendor/laravel/framework/src/Illuminate/Pipeline/Pipeline.php(180): Modules\\Category\\Http\\Middleware\\GenerateMenus->handle(Object(Illuminate\\Http\\Request), Object(Closure))
#7 /Users/mona/Downloads/xwiner/vendor/livewire/livewire/src/DisableBrowserCache.php(19): Illuminate\\Pipeline\\Pipeline->Illuminate\\Pipeline\\{closure}(Object(Illuminate\\Http\\Request))
#8 /Users/mona/Downloads/xwiner/vendor/laravel/framework/src/Illuminate/Pipeline/Pipeline.php(180): Livewire\\DisableBrowserCache->handle(Object(Illuminate\\Http\\Request), Object(Closure))
#9 /Users/mona/Downloads/xwiner/vendor/barryvdh/laravel-debugbar/src/Middleware/InjectDebugbar.php(66): Illuminate\\Pipeline\\Pipeline->Illuminate\\Pipeline\\{closure}(Object(Illuminate\\Http\\Request))
#10 /Users/mona/Downloads/xwiner/vendor/laravel/framework/src/Illuminate/Pipeline/Pipeline.php(180): Barryvdh\\Debugbar\\Middleware\\InjectDebugbar->handle(Object(Illuminate\\Http\\Request), Object(Closure))
#11 /Users/mona/Downloads/xwiner/vendor/laravel/framework/src/Illuminate/Foundation/Http/Middleware/TransformsRequest.php(21): Illuminate\\Pipeline\\Pipeline->Illuminate\\Pipeline\\{closure}(Object(Illuminate\\Http\\Request))
#12 /Users/mona/Downloads/xwiner/vendor/laravel/framework/src/Illuminate/Foundation/Http/Middleware/ConvertEmptyStringsToNull.php(31): Illuminate\\Foundation\\Http\\Middleware\\TransformsRequest->handle(Object(Illuminate\\Http\\Request), Object(Closure))
#13 /Users/mona/Downloads/xwiner/vendor/laravel/framework/src/Illuminate/Pipeline/Pipeline.php(180): Illuminate\\Foundation\\Http\\Middleware\\ConvertEmptyStringsToNull->handle(Object(Illuminate\\Http\\Request), Object(Closure))
#14 /Users/mona/Downloads/xwiner/vendor/laravel/framework/src/Illuminate/Foundation/Http/Middleware/TransformsRequest.php(21): Illuminate\\Pipeline\\Pipeline->Illuminate\\Pipeline\\{closure}(Object(Illuminate\\Http\\Request))
#15 /Users/mona/Downloads/xwiner/vendor/laravel/framework/src/Illuminate/Foundation/Http/Middleware/TrimStrings.php(40): Illuminate\\Foundation\\Http\\Middleware\\TransformsRequest->handle(Object(Illuminate\\Http\\Request), Object(Closure))
#16 /Users/mona/Downloads/xwiner/vendor/laravel/framework/src/Illuminate/Pipeline/Pipeline.php(180): Illuminate\\Foundation\\Http\\Middleware\\TrimStrings->handle(Object(Illuminate\\Http\\Request), Object(Closure))
#17 /Users/mona/Downloads/xwiner/vendor/laravel/framework/src/Illuminate/Foundation/Http/Middleware/ValidatePostSize.php(27): Illuminate\\Pipeline\\Pipeline->Illuminate\\Pipeline\\{closure}(Object(Illuminate\\Http\\Request))
#18 /Users/mona/Downloads/xwiner/vendor/laravel/framework/src/Illuminate/Pipeline/Pipeline.php(180): Illuminate\\Foundation\\Http\\Middleware\\ValidatePostSize->handle(Object(Illuminate\\Http\\Request), Object(Closure))
#19 /Users/mona/Downloads/xwiner/vendor/laravel/framework/src/Illuminate/Foundation/Http/Middleware/PreventRequestsDuringMaintenance.php(86): Illuminate\\Pipeline\\Pipeline->Illuminate\\Pipeline\\{closure}(Object(Illuminate\\Http\\Request))
#20 /Users/mona/Downloads/xwiner/vendor/laravel/framework/src/Illuminate/Pipeline/Pipeline.php(180): Illuminate\\Foundation\\Http\\Middleware\\PreventRequestsDuringMaintenance->handle(Object(Illuminate\\Http\\Request), Object(Closure))
#21 /Users/mona/Downloads/xwiner/vendor/laravel/framework/src/Illuminate/Http/Middleware/HandleCors.php(49): Illuminate\\Pipeline\\Pipeline->Illuminate\\Pipeline\\{closure}(Object(Illuminate\\Http\\Request))
#22 /Users/mona/Downloads/xwiner/vendor/laravel/framework/src/Illuminate/Pipeline/Pipeline.php(180): Illuminate\\Http\\Middleware\\HandleCors->handle(Object(Illuminate\\Http\\Request), Object(Closure))
#23 /Users/mona/Downloads/xwiner/vendor/laravel/framework/src/Illuminate/Http/Middleware/TrustProxies.php(39): Illuminate\\Pipeline\\Pipeline->Illuminate\\Pipeline\\{closure}(Object(Illuminate\\Http\\Request))
#24 /Users/mona/Downloads/xwiner/vendor/laravel/framework/src/Illuminate/Pipeline/Pipeline.php(180): Illuminate\\Http\\Middleware\\TrustProxies->handle(Object(Illuminate\\Http\\Request), Object(Closure))
#25 /Users/mona/Downloads/xwiner/vendor/laravel/framework/src/Illuminate/Pipeline/Pipeline.php(116): Illuminate\\Pipeline\\Pipeline->Illuminate\\Pipeline\\{closure}(Object(Illuminate\\Http\\Request))
#26 /Users/mona/Downloads/xwiner/vendor/laravel/framework/src/Illuminate/Foundation/Http/Kernel.php(175): Illuminate\\Pipeline\\Pipeline->then(Object(Closure))
#27 /Users/mona/Downloads/xwiner/vendor/laravel/framework/src/Illuminate/Foundation/Http/Kernel.php(144): Illuminate\\Foundation\\Http\\Kernel->sendRequestThroughRouter(Object(Illuminate\\Http\\Request))
#28 /Users/mona/Downloads/xwiner/public/index.php(51): Illuminate\\Foundation\\Http\\Kernel->handle(Object(Illuminate\\Http\\Request))
#29 /Users/mona/Downloads/xwiner/vendor/laravel/framework/src/Illuminate/Foundation/resources/server.php(16): require_once('/Users/mona/Dow...')
#30 {main}
"} 
[2023-09-22 23:14:44] local.DEBUG: User Login Success. Name: General User | Id: 5 | Email: user@user.com | Username: 100005 IP:127.0.0.1 | UpdateProfileLoginData  
[2023-09-22 23:15:39] local.DEBUG: User Login Success. Name: Admin Account | Id: 2 | Email: admin@admin.com | Username: 100002 IP:127.0.0.1 | UpdateProfileLoginData  
[2023-09-22 23:16:03] local.INFO: Roles List | User:Admin Account(ID:2)  
[2023-09-22 23:16:10] local.INFO: Roles Edit | User:Admin Account(ID:2)  
[2023-09-22 23:17:59] local.INFO: Roles Edit | User:Admin Account(ID:2)  
[2023-09-22 23:18:10] local.INFO: Roles Update | User:Admin Account(ID:2)  
[2023-09-22 23:18:10] local.INFO: Roles List | User:Admin Account(ID:2)  
[2023-09-22 23:18:32] local.DEBUG: User Login Success. Name: General User | Id: 5 | Email: user@user.com | Username: 100005 IP:127.0.0.1 | UpdateProfileLoginData  
[2023-09-22 23:35:55] local.DEBUG: User Login Success. Name: Admin Account | Id: 2 | Email: admin@admin.com | Username: 100002 IP:127.0.0.1 | UpdateProfileLoginData  
