[2023-09-21 18:09:39] local.ERROR: Please provide a valid cache path. {"exception":"[object] (InvalidArgumentException(code: 0): Please provide a valid cache path. at /Users/mona/Downloads/xwiner/vendor/laravel/framework/src/Illuminate/View/Compilers/Compiler.php:66)
[stacktrace]
#0 /Users/mona/Downloads/xwiner/vendor/laravel/framework/src/Illuminate/View/ViewServiceProvider.php(96): Illuminate\\View\\Compilers\\Compiler->__construct(Object(Illuminate\\Filesystem\\Filesystem), false, '', true, 'php')
#1 /Users/mona/Downloads/xwiner/vendor/laravel/framework/src/Illuminate/Container/Container.php(908): Illuminate\\View\\ViewServiceProvider->Illuminate\\View\\{closure}(Object(Illuminate\\Foundation\\Application), Array)
#2 /Users/mona/Downloads/xwiner/vendor/laravel/framework/src/Illuminate/Container/Container.php(795): Illuminate\\Container\\Container->build(Object(Closure))
#3 /Users/mona/Downloads/xwiner/vendor/laravel/framework/src/Illuminate/Foundation/Application.php(933): Illuminate\\Container\\Container->resolve('blade.compiler', Array, true)
#4 /Users/mona/Downloads/xwiner/vendor/laravel/framework/src/Illuminate/Container/Container.php(731): Illuminate\\Foundation\\Application->resolve('blade.compiler', Array)
#5 /Users/mona/Downloads/xwiner/vendor/laravel/framework/src/Illuminate/Foundation/Application.php(918): Illuminate\\Container\\Container->make('blade.compiler', Array)
#6 /Users/mona/Downloads/xwiner/vendor/laravel/framework/src/Illuminate/Container/Container.php(1454): Illuminate\\Foundation\\Application->make('blade.compiler')
#7 /Users/mona/Downloads/xwiner/vendor/laravel/framework/src/Illuminate/Support/Facades/Facade.php(236): Illuminate\\Container\\Container->offsetGet('blade.compiler')
#8 /Users/mona/Downloads/xwiner/vendor/laravel/framework/src/Illuminate/Support/Facades/Facade.php(207): Illuminate\\Support\\Facades\\Facade::resolveFacadeInstance('blade.compiler')
#9 /Users/mona/Downloads/xwiner/vendor/laravel/framework/src/Illuminate/Support/Facades/Facade.php(347): Illuminate\\Support\\Facades\\Facade::getFacadeRoot()
#10 /Users/mona/Downloads/xwiner/vendor/lavary/laravel-menu/src/Lavary/Menu/ServiceProvider.php(70): Illuminate\\Support\\Facades\\Facade::__callStatic('directive', Array)
#11 /Users/mona/Downloads/xwiner/vendor/lavary/laravel-menu/src/Lavary/Menu/ServiceProvider.php(94): Lavary\\Menu\\ServiceProvider->bladeDirectives()
#12 /Users/mona/Downloads/xwiner/vendor/laravel/framework/src/Illuminate/Container/BoundMethod.php(36): Lavary\\Menu\\ServiceProvider->boot()
#13 /Users/mona/Downloads/xwiner/vendor/laravel/framework/src/Illuminate/Container/Util.php(41): Illuminate\\Container\\BoundMethod::Illuminate\\Container\\{closure}()
#14 /Users/mona/Downloads/xwiner/vendor/laravel/framework/src/Illuminate/Container/BoundMethod.php(93): Illuminate\\Container\\Util::unwrapIfClosure(Object(Closure))
#15 /Users/mona/Downloads/xwiner/vendor/laravel/framework/src/Illuminate/Container/BoundMethod.php(35): Illuminate\\Container\\BoundMethod::callBoundMethod(Object(Illuminate\\Foundation\\Application), Array, Object(Closure))
#16 /Users/mona/Downloads/xwiner/vendor/laravel/framework/src/Illuminate/Container/Container.php(662): Illuminate\\Container\\BoundMethod::call(Object(Illuminate\\Foundation\\Application), Array, Array, NULL)
#17 /Users/mona/Downloads/xwiner/vendor/laravel/framework/src/Illuminate/Foundation/Application.php(1006): Illuminate\\Container\\Container->call(Array)
#18 /Users/mona/Downloads/xwiner/vendor/laravel/framework/src/Illuminate/Foundation/Application.php(987): Illuminate\\Foundation\\Application->bootProvider(Object(Lavary\\Menu\\ServiceProvider))
#19 [internal function]: Illuminate\\Foundation\\Application->Illuminate\\Foundation\\{closure}(Object(Lavary\\Menu\\ServiceProvider), 25)
#20 /Users/mona/Downloads/xwiner/vendor/laravel/framework/src/Illuminate/Foundation/Application.php(986): array_walk(Array, Object(Closure))
#21 /Users/mona/Downloads/xwiner/vendor/laravel/framework/src/Illuminate/Foundation/Bootstrap/BootProviders.php(17): Illuminate\\Foundation\\Application->boot()
#22 /Users/mona/Downloads/xwiner/vendor/laravel/framework/src/Illuminate/Foundation/Application.php(261): Illuminate\\Foundation\\Bootstrap\\BootProviders->bootstrap(Object(Illuminate\\Foundation\\Application))
#23 /Users/mona/Downloads/xwiner/vendor/laravel/framework/src/Illuminate/Foundation/Console/Kernel.php(447): Illuminate\\Foundation\\Application->bootstrapWith(Array)
#24 /Users/mona/Downloads/xwiner/vendor/laravel/framework/src/Illuminate/Foundation/Console/Kernel.php(199): Illuminate\\Foundation\\Console\\Kernel->bootstrap()
#25 Command line code(1): Illuminate\\Foundation\\Console\\Kernel->handle(Object(Symfony\\Component\\Console\\Input\\ArgvInput), Object(Symfony\\Component\\Console\\Output\\ConsoleOutput))
#26 {main}
"} 
[2023-09-21 18:09:40] local.ERROR: Please provide a valid cache path. {"exception":"[object] (InvalidArgumentException(code: 0): Please provide a valid cache path. at /Users/mona/Downloads/xwiner/vendor/laravel/framework/src/Illuminate/View/Compilers/Compiler.php:66)
[stacktrace]
#0 /Users/mona/Downloads/xwiner/vendor/laravel/framework/src/Illuminate/View/ViewServiceProvider.php(96): Illuminate\\View\\Compilers\\Compiler->__construct(Object(Illuminate\\Filesystem\\Filesystem), false, '', true, 'php')
#1 /Users/mona/Downloads/xwiner/vendor/laravel/framework/src/Illuminate/Container/Container.php(908): Illuminate\\View\\ViewServiceProvider->Illuminate\\View\\{closure}(Object(Illuminate\\Foundation\\Application), Array)
#2 /Users/mona/Downloads/xwiner/vendor/laravel/framework/src/Illuminate/Container/Container.php(795): Illuminate\\Container\\Container->build(Object(Closure))
#3 /Users/mona/Downloads/xwiner/vendor/laravel/framework/src/Illuminate/Foundation/Application.php(933): Illuminate\\Container\\Container->resolve('blade.compiler', Array, true)
#4 /Users/mona/Downloads/xwiner/vendor/laravel/framework/src/Illuminate/Container/Container.php(731): Illuminate\\Foundation\\Application->resolve('blade.compiler', Array)
#5 /Users/mona/Downloads/xwiner/vendor/laravel/framework/src/Illuminate/Foundation/Application.php(918): Illuminate\\Container\\Container->make('blade.compiler', Array)
#6 /Users/mona/Downloads/xwiner/vendor/laravel/framework/src/Illuminate/Container/Container.php(1454): Illuminate\\Foundation\\Application->make('blade.compiler')
#7 /Users/mona/Downloads/xwiner/vendor/laravel/framework/src/Illuminate/Support/Facades/Facade.php(236): Illuminate\\Container\\Container->offsetGet('blade.compiler')
#8 /Users/mona/Downloads/xwiner/vendor/laravel/framework/src/Illuminate/Support/Facades/Facade.php(207): Illuminate\\Support\\Facades\\Facade::resolveFacadeInstance('blade.compiler')
#9 /Users/mona/Downloads/xwiner/vendor/laravel/framework/src/Illuminate/Support/Facades/Facade.php(347): Illuminate\\Support\\Facades\\Facade::getFacadeRoot()
#10 /Users/mona/Downloads/xwiner/vendor/lavary/laravel-menu/src/Lavary/Menu/ServiceProvider.php(70): Illuminate\\Support\\Facades\\Facade::__callStatic('directive', Array)
#11 /Users/mona/Downloads/xwiner/vendor/lavary/laravel-menu/src/Lavary/Menu/ServiceProvider.php(94): Lavary\\Menu\\ServiceProvider->bladeDirectives()
#12 /Users/mona/Downloads/xwiner/vendor/laravel/framework/src/Illuminate/Container/BoundMethod.php(36): Lavary\\Menu\\ServiceProvider->boot()
#13 /Users/mona/Downloads/xwiner/vendor/laravel/framework/src/Illuminate/Container/Util.php(41): Illuminate\\Container\\BoundMethod::Illuminate\\Container\\{closure}()
#14 /Users/mona/Downloads/xwiner/vendor/laravel/framework/src/Illuminate/Container/BoundMethod.php(93): Illuminate\\Container\\Util::unwrapIfClosure(Object(Closure))
#15 /Users/mona/Downloads/xwiner/vendor/laravel/framework/src/Illuminate/Container/BoundMethod.php(35): Illuminate\\Container\\BoundMethod::callBoundMethod(Object(Illuminate\\Foundation\\Application), Array, Object(Closure))
#16 /Users/mona/Downloads/xwiner/vendor/laravel/framework/src/Illuminate/Container/Container.php(662): Illuminate\\Container\\BoundMethod::call(Object(Illuminate\\Foundation\\Application), Array, Array, NULL)
#17 /Users/mona/Downloads/xwiner/vendor/laravel/framework/src/Illuminate/Foundation/Application.php(1006): Illuminate\\Container\\Container->call(Array)
#18 /Users/mona/Downloads/xwiner/vendor/laravel/framework/src/Illuminate/Foundation/Application.php(987): Illuminate\\Foundation\\Application->bootProvider(Object(Lavary\\Menu\\ServiceProvider))
#19 [internal function]: Illuminate\\Foundation\\Application->Illuminate\\Foundation\\{closure}(Object(Lavary\\Menu\\ServiceProvider), 25)
#20 /Users/mona/Downloads/xwiner/vendor/laravel/framework/src/Illuminate/Foundation/Application.php(986): array_walk(Array, Object(Closure))
#21 /Users/mona/Downloads/xwiner/vendor/laravel/framework/src/Illuminate/Foundation/Bootstrap/BootProviders.php(17): Illuminate\\Foundation\\Application->boot()
#22 /Users/mona/Downloads/xwiner/vendor/laravel/framework/src/Illuminate/Foundation/Application.php(261): Illuminate\\Foundation\\Bootstrap\\BootProviders->bootstrap(Object(Illuminate\\Foundation\\Application))
#23 /Users/mona/Downloads/xwiner/vendor/laravel/framework/src/Illuminate/Foundation/Console/Kernel.php(447): Illuminate\\Foundation\\Application->bootstrapWith(Array)
#24 /Users/mona/Downloads/xwiner/vendor/laravel/framework/src/Illuminate/Foundation/Console/Kernel.php(199): Illuminate\\Foundation\\Console\\Kernel->bootstrap()
#25 Command line code(1): Illuminate\\Foundation\\Console\\Kernel->handle(Object(Symfony\\Component\\Console\\Input\\ArgvInput), Object(Symfony\\Component\\Console\\Output\\ConsoleOutput))
#26 {main}
"} 
[2023-09-21 18:09:41] local.ERROR: Please provide a valid cache path. {"exception":"[object] (InvalidArgumentException(code: 0): Please provide a valid cache path. at /Users/mona/Downloads/xwiner/vendor/laravel/framework/src/Illuminate/View/Compilers/Compiler.php:66)
[stacktrace]
#0 /Users/mona/Downloads/xwiner/vendor/laravel/framework/src/Illuminate/View/ViewServiceProvider.php(96): Illuminate\\View\\Compilers\\Compiler->__construct(Object(Illuminate\\Filesystem\\Filesystem), false, '', true, 'php')
#1 /Users/mona/Downloads/xwiner/vendor/laravel/framework/src/Illuminate/Container/Container.php(908): Illuminate\\View\\ViewServiceProvider->Illuminate\\View\\{closure}(Object(Illuminate\\Foundation\\Application), Array)
#2 /Users/mona/Downloads/xwiner/vendor/laravel/framework/src/Illuminate/Container/Container.php(795): Illuminate\\Container\\Container->build(Object(Closure))
#3 /Users/mona/Downloads/xwiner/vendor/laravel/framework/src/Illuminate/Foundation/Application.php(933): Illuminate\\Container\\Container->resolve('blade.compiler', Array, true)
#4 /Users/mona/Downloads/xwiner/vendor/laravel/framework/src/Illuminate/Container/Container.php(731): Illuminate\\Foundation\\Application->resolve('blade.compiler', Array)
#5 /Users/mona/Downloads/xwiner/vendor/laravel/framework/src/Illuminate/Foundation/Application.php(918): Illuminate\\Container\\Container->make('blade.compiler', Array)
#6 /Users/mona/Downloads/xwiner/vendor/laravel/framework/src/Illuminate/Container/Container.php(1454): Illuminate\\Foundation\\Application->make('blade.compiler')
#7 /Users/mona/Downloads/xwiner/vendor/laravel/framework/src/Illuminate/Support/Facades/Facade.php(236): Illuminate\\Container\\Container->offsetGet('blade.compiler')
#8 /Users/mona/Downloads/xwiner/vendor/laravel/framework/src/Illuminate/Support/Facades/Facade.php(207): Illuminate\\Support\\Facades\\Facade::resolveFacadeInstance('blade.compiler')
#9 /Users/mona/Downloads/xwiner/vendor/laravel/framework/src/Illuminate/Support/Facades/Facade.php(347): Illuminate\\Support\\Facades\\Facade::getFacadeRoot()
#10 /Users/mona/Downloads/xwiner/vendor/lavary/laravel-menu/src/Lavary/Menu/ServiceProvider.php(70): Illuminate\\Support\\Facades\\Facade::__callStatic('directive', Array)
#11 /Users/mona/Downloads/xwiner/vendor/lavary/laravel-menu/src/Lavary/Menu/ServiceProvider.php(94): Lavary\\Menu\\ServiceProvider->bladeDirectives()
#12 /Users/mona/Downloads/xwiner/vendor/laravel/framework/src/Illuminate/Container/BoundMethod.php(36): Lavary\\Menu\\ServiceProvider->boot()
#13 /Users/mona/Downloads/xwiner/vendor/laravel/framework/src/Illuminate/Container/Util.php(41): Illuminate\\Container\\BoundMethod::Illuminate\\Container\\{closure}()
#14 /Users/mona/Downloads/xwiner/vendor/laravel/framework/src/Illuminate/Container/BoundMethod.php(93): Illuminate\\Container\\Util::unwrapIfClosure(Object(Closure))
#15 /Users/mona/Downloads/xwiner/vendor/laravel/framework/src/Illuminate/Container/BoundMethod.php(35): Illuminate\\Container\\BoundMethod::callBoundMethod(Object(Illuminate\\Foundation\\Application), Array, Object(Closure))
#16 /Users/mona/Downloads/xwiner/vendor/laravel/framework/src/Illuminate/Container/Container.php(662): Illuminate\\Container\\BoundMethod::call(Object(Illuminate\\Foundation\\Application), Array, Array, NULL)
#17 /Users/mona/Downloads/xwiner/vendor/laravel/framework/src/Illuminate/Foundation/Application.php(1006): Illuminate\\Container\\Container->call(Array)
#18 /Users/mona/Downloads/xwiner/vendor/laravel/framework/src/Illuminate/Foundation/Application.php(987): Illuminate\\Foundation\\Application->bootProvider(Object(Lavary\\Menu\\ServiceProvider))
#19 [internal function]: Illuminate\\Foundation\\Application->Illuminate\\Foundation\\{closure}(Object(Lavary\\Menu\\ServiceProvider), 25)
#20 /Users/mona/Downloads/xwiner/vendor/laravel/framework/src/Illuminate/Foundation/Application.php(986): array_walk(Array, Object(Closure))
#21 /Users/mona/Downloads/xwiner/vendor/laravel/framework/src/Illuminate/Foundation/Bootstrap/BootProviders.php(17): Illuminate\\Foundation\\Application->boot()
#22 /Users/mona/Downloads/xwiner/vendor/laravel/framework/src/Illuminate/Foundation/Application.php(261): Illuminate\\Foundation\\Bootstrap\\BootProviders->bootstrap(Object(Illuminate\\Foundation\\Application))
#23 /Users/mona/Downloads/xwiner/vendor/laravel/framework/src/Illuminate/Foundation/Console/Kernel.php(447): Illuminate\\Foundation\\Application->bootstrapWith(Array)
#24 /Users/mona/Downloads/xwiner/vendor/laravel/framework/src/Illuminate/Foundation/Console/Kernel.php(199): Illuminate\\Foundation\\Console\\Kernel->bootstrap()
#25 Command line code(1): Illuminate\\Foundation\\Console\\Kernel->handle(Object(Symfony\\Component\\Console\\Input\\ArgvInput), Object(Symfony\\Component\\Console\\Output\\ConsoleOutput))
#26 {main}
"} 
[2023-09-21 18:09:42] local.ERROR: Please provide a valid cache path. {"exception":"[object] (InvalidArgumentException(code: 0): Please provide a valid cache path. at /Users/mona/Downloads/xwiner/vendor/laravel/framework/src/Illuminate/View/Compilers/Compiler.php:66)
[stacktrace]
#0 /Users/mona/Downloads/xwiner/vendor/laravel/framework/src/Illuminate/View/ViewServiceProvider.php(96): Illuminate\\View\\Compilers\\Compiler->__construct(Object(Illuminate\\Filesystem\\Filesystem), false, '', true, 'php')
#1 /Users/mona/Downloads/xwiner/vendor/laravel/framework/src/Illuminate/Container/Container.php(908): Illuminate\\View\\ViewServiceProvider->Illuminate\\View\\{closure}(Object(Illuminate\\Foundation\\Application), Array)
#2 /Users/mona/Downloads/xwiner/vendor/laravel/framework/src/Illuminate/Container/Container.php(795): Illuminate\\Container\\Container->build(Object(Closure))
#3 /Users/mona/Downloads/xwiner/vendor/laravel/framework/src/Illuminate/Foundation/Application.php(933): Illuminate\\Container\\Container->resolve('blade.compiler', Array, true)
#4 /Users/mona/Downloads/xwiner/vendor/laravel/framework/src/Illuminate/Container/Container.php(731): Illuminate\\Foundation\\Application->resolve('blade.compiler', Array)
#5 /Users/mona/Downloads/xwiner/vendor/laravel/framework/src/Illuminate/Foundation/Application.php(918): Illuminate\\Container\\Container->make('blade.compiler', Array)
#6 /Users/mona/Downloads/xwiner/vendor/laravel/framework/src/Illuminate/Container/Container.php(1454): Illuminate\\Foundation\\Application->make('blade.compiler')
#7 /Users/mona/Downloads/xwiner/vendor/laravel/framework/src/Illuminate/Support/Facades/Facade.php(236): Illuminate\\Container\\Container->offsetGet('blade.compiler')
#8 /Users/mona/Downloads/xwiner/vendor/laravel/framework/src/Illuminate/Support/Facades/Facade.php(207): Illuminate\\Support\\Facades\\Facade::resolveFacadeInstance('blade.compiler')
#9 /Users/mona/Downloads/xwiner/vendor/laravel/framework/src/Illuminate/Support/Facades/Facade.php(347): Illuminate\\Support\\Facades\\Facade::getFacadeRoot()
#10 /Users/mona/Downloads/xwiner/vendor/lavary/laravel-menu/src/Lavary/Menu/ServiceProvider.php(70): Illuminate\\Support\\Facades\\Facade::__callStatic('directive', Array)
#11 /Users/mona/Downloads/xwiner/vendor/lavary/laravel-menu/src/Lavary/Menu/ServiceProvider.php(94): Lavary\\Menu\\ServiceProvider->bladeDirectives()
#12 /Users/mona/Downloads/xwiner/vendor/laravel/framework/src/Illuminate/Container/BoundMethod.php(36): Lavary\\Menu\\ServiceProvider->boot()
#13 /Users/mona/Downloads/xwiner/vendor/laravel/framework/src/Illuminate/Container/Util.php(41): Illuminate\\Container\\BoundMethod::Illuminate\\Container\\{closure}()
#14 /Users/mona/Downloads/xwiner/vendor/laravel/framework/src/Illuminate/Container/BoundMethod.php(93): Illuminate\\Container\\Util::unwrapIfClosure(Object(Closure))
#15 /Users/mona/Downloads/xwiner/vendor/laravel/framework/src/Illuminate/Container/BoundMethod.php(35): Illuminate\\Container\\BoundMethod::callBoundMethod(Object(Illuminate\\Foundation\\Application), Array, Object(Closure))
#16 /Users/mona/Downloads/xwiner/vendor/laravel/framework/src/Illuminate/Container/Container.php(662): Illuminate\\Container\\BoundMethod::call(Object(Illuminate\\Foundation\\Application), Array, Array, NULL)
#17 /Users/mona/Downloads/xwiner/vendor/laravel/framework/src/Illuminate/Foundation/Application.php(1006): Illuminate\\Container\\Container->call(Array)
#18 /Users/mona/Downloads/xwiner/vendor/laravel/framework/src/Illuminate/Foundation/Application.php(987): Illuminate\\Foundation\\Application->bootProvider(Object(Lavary\\Menu\\ServiceProvider))
#19 [internal function]: Illuminate\\Foundation\\Application->Illuminate\\Foundation\\{closure}(Object(Lavary\\Menu\\ServiceProvider), 25)
#20 /Users/mona/Downloads/xwiner/vendor/laravel/framework/src/Illuminate/Foundation/Application.php(986): array_walk(Array, Object(Closure))
#21 /Users/mona/Downloads/xwiner/vendor/laravel/framework/src/Illuminate/Foundation/Bootstrap/BootProviders.php(17): Illuminate\\Foundation\\Application->boot()
#22 /Users/mona/Downloads/xwiner/vendor/laravel/framework/src/Illuminate/Foundation/Application.php(261): Illuminate\\Foundation\\Bootstrap\\BootProviders->bootstrap(Object(Illuminate\\Foundation\\Application))
#23 /Users/mona/Downloads/xwiner/vendor/laravel/framework/src/Illuminate/Foundation/Console/Kernel.php(447): Illuminate\\Foundation\\Application->bootstrapWith(Array)
#24 /Users/mona/Downloads/xwiner/vendor/laravel/framework/src/Illuminate/Foundation/Console/Kernel.php(199): Illuminate\\Foundation\\Console\\Kernel->bootstrap()
#25 Command line code(1): Illuminate\\Foundation\\Console\\Kernel->handle(Object(Symfony\\Component\\Console\\Input\\ArgvInput), Object(Symfony\\Component\\Console\\Output\\ConsoleOutput))
#26 {main}
"} 
[2023-09-21 18:09:42] local.ERROR: Please provide a valid cache path. {"exception":"[object] (InvalidArgumentException(code: 0): Please provide a valid cache path. at /Users/mona/Downloads/xwiner/vendor/laravel/framework/src/Illuminate/View/Compilers/Compiler.php:66)
[stacktrace]
#0 /Users/mona/Downloads/xwiner/vendor/laravel/framework/src/Illuminate/View/ViewServiceProvider.php(96): Illuminate\\View\\Compilers\\Compiler->__construct(Object(Illuminate\\Filesystem\\Filesystem), false, '', true, 'php')
#1 /Users/mona/Downloads/xwiner/vendor/laravel/framework/src/Illuminate/Container/Container.php(908): Illuminate\\View\\ViewServiceProvider->Illuminate\\View\\{closure}(Object(Illuminate\\Foundation\\Application), Array)
#2 /Users/mona/Downloads/xwiner/vendor/laravel/framework/src/Illuminate/Container/Container.php(795): Illuminate\\Container\\Container->build(Object(Closure))
#3 /Users/mona/Downloads/xwiner/vendor/laravel/framework/src/Illuminate/Foundation/Application.php(933): Illuminate\\Container\\Container->resolve('blade.compiler', Array, true)
#4 /Users/mona/Downloads/xwiner/vendor/laravel/framework/src/Illuminate/Container/Container.php(731): Illuminate\\Foundation\\Application->resolve('blade.compiler', Array)
#5 /Users/mona/Downloads/xwiner/vendor/laravel/framework/src/Illuminate/Foundation/Application.php(918): Illuminate\\Container\\Container->make('blade.compiler', Array)
#6 /Users/mona/Downloads/xwiner/vendor/laravel/framework/src/Illuminate/Container/Container.php(1454): Illuminate\\Foundation\\Application->make('blade.compiler')
#7 /Users/mona/Downloads/xwiner/vendor/laravel/framework/src/Illuminate/Support/Facades/Facade.php(236): Illuminate\\Container\\Container->offsetGet('blade.compiler')
#8 /Users/mona/Downloads/xwiner/vendor/laravel/framework/src/Illuminate/Support/Facades/Facade.php(207): Illuminate\\Support\\Facades\\Facade::resolveFacadeInstance('blade.compiler')
#9 /Users/mona/Downloads/xwiner/vendor/laravel/framework/src/Illuminate/Support/Facades/Facade.php(347): Illuminate\\Support\\Facades\\Facade::getFacadeRoot()
#10 /Users/mona/Downloads/xwiner/vendor/lavary/laravel-menu/src/Lavary/Menu/ServiceProvider.php(70): Illuminate\\Support\\Facades\\Facade::__callStatic('directive', Array)
#11 /Users/mona/Downloads/xwiner/vendor/lavary/laravel-menu/src/Lavary/Menu/ServiceProvider.php(94): Lavary\\Menu\\ServiceProvider->bladeDirectives()
#12 /Users/mona/Downloads/xwiner/vendor/laravel/framework/src/Illuminate/Container/BoundMethod.php(36): Lavary\\Menu\\ServiceProvider->boot()
#13 /Users/mona/Downloads/xwiner/vendor/laravel/framework/src/Illuminate/Container/Util.php(41): Illuminate\\Container\\BoundMethod::Illuminate\\Container\\{closure}()
#14 /Users/mona/Downloads/xwiner/vendor/laravel/framework/src/Illuminate/Container/BoundMethod.php(93): Illuminate\\Container\\Util::unwrapIfClosure(Object(Closure))
#15 /Users/mona/Downloads/xwiner/vendor/laravel/framework/src/Illuminate/Container/BoundMethod.php(35): Illuminate\\Container\\BoundMethod::callBoundMethod(Object(Illuminate\\Foundation\\Application), Array, Object(Closure))
#16 /Users/mona/Downloads/xwiner/vendor/laravel/framework/src/Illuminate/Container/Container.php(662): Illuminate\\Container\\BoundMethod::call(Object(Illuminate\\Foundation\\Application), Array, Array, NULL)
#17 /Users/mona/Downloads/xwiner/vendor/laravel/framework/src/Illuminate/Foundation/Application.php(1006): Illuminate\\Container\\Container->call(Array)
#18 /Users/mona/Downloads/xwiner/vendor/laravel/framework/src/Illuminate/Foundation/Application.php(987): Illuminate\\Foundation\\Application->bootProvider(Object(Lavary\\Menu\\ServiceProvider))
#19 [internal function]: Illuminate\\Foundation\\Application->Illuminate\\Foundation\\{closure}(Object(Lavary\\Menu\\ServiceProvider), 25)
#20 /Users/mona/Downloads/xwiner/vendor/laravel/framework/src/Illuminate/Foundation/Application.php(986): array_walk(Array, Object(Closure))
#21 /Users/mona/Downloads/xwiner/vendor/laravel/framework/src/Illuminate/Foundation/Bootstrap/BootProviders.php(17): Illuminate\\Foundation\\Application->boot()
#22 /Users/mona/Downloads/xwiner/vendor/laravel/framework/src/Illuminate/Foundation/Application.php(261): Illuminate\\Foundation\\Bootstrap\\BootProviders->bootstrap(Object(Illuminate\\Foundation\\Application))
#23 /Users/mona/Downloads/xwiner/vendor/laravel/framework/src/Illuminate/Foundation/Console/Kernel.php(447): Illuminate\\Foundation\\Application->bootstrapWith(Array)
#24 /Users/mona/Downloads/xwiner/vendor/laravel/framework/src/Illuminate/Foundation/Console/Kernel.php(199): Illuminate\\Foundation\\Console\\Kernel->bootstrap()
#25 Command line code(1): Illuminate\\Foundation\\Console\\Kernel->handle(Object(Symfony\\Component\\Console\\Input\\ArgvInput), Object(Symfony\\Component\\Console\\Output\\ConsoleOutput))
#26 {main}
"} 
[2023-09-21 18:09:44] local.ERROR: Please provide a valid cache path. {"exception":"[object] (InvalidArgumentException(code: 0): Please provide a valid cache path. at /Users/mona/Downloads/xwiner/vendor/laravel/framework/src/Illuminate/View/Compilers/Compiler.php:66)
[stacktrace]
#0 /Users/mona/Downloads/xwiner/vendor/laravel/framework/src/Illuminate/View/ViewServiceProvider.php(96): Illuminate\\View\\Compilers\\Compiler->__construct(Object(Illuminate\\Filesystem\\Filesystem), false, '', true, 'php')
#1 /Users/mona/Downloads/xwiner/vendor/laravel/framework/src/Illuminate/Container/Container.php(908): Illuminate\\View\\ViewServiceProvider->Illuminate\\View\\{closure}(Object(Illuminate\\Foundation\\Application), Array)
#2 /Users/mona/Downloads/xwiner/vendor/laravel/framework/src/Illuminate/Container/Container.php(795): Illuminate\\Container\\Container->build(Object(Closure))
#3 /Users/mona/Downloads/xwiner/vendor/laravel/framework/src/Illuminate/Foundation/Application.php(933): Illuminate\\Container\\Container->resolve('blade.compiler', Array, true)
#4 /Users/mona/Downloads/xwiner/vendor/laravel/framework/src/Illuminate/Container/Container.php(731): Illuminate\\Foundation\\Application->resolve('blade.compiler', Array)
#5 /Users/mona/Downloads/xwiner/vendor/laravel/framework/src/Illuminate/Foundation/Application.php(918): Illuminate\\Container\\Container->make('blade.compiler', Array)
#6 /Users/mona/Downloads/xwiner/vendor/laravel/framework/src/Illuminate/Container/Container.php(1454): Illuminate\\Foundation\\Application->make('blade.compiler')
#7 /Users/mona/Downloads/xwiner/vendor/laravel/framework/src/Illuminate/Support/Facades/Facade.php(236): Illuminate\\Container\\Container->offsetGet('blade.compiler')
#8 /Users/mona/Downloads/xwiner/vendor/laravel/framework/src/Illuminate/Support/Facades/Facade.php(207): Illuminate\\Support\\Facades\\Facade::resolveFacadeInstance('blade.compiler')
#9 /Users/mona/Downloads/xwiner/vendor/laravel/framework/src/Illuminate/Support/Facades/Facade.php(347): Illuminate\\Support\\Facades\\Facade::getFacadeRoot()
#10 /Users/mona/Downloads/xwiner/vendor/lavary/laravel-menu/src/Lavary/Menu/ServiceProvider.php(70): Illuminate\\Support\\Facades\\Facade::__callStatic('directive', Array)
#11 /Users/mona/Downloads/xwiner/vendor/lavary/laravel-menu/src/Lavary/Menu/ServiceProvider.php(94): Lavary\\Menu\\ServiceProvider->bladeDirectives()
#12 /Users/mona/Downloads/xwiner/vendor/laravel/framework/src/Illuminate/Container/BoundMethod.php(36): Lavary\\Menu\\ServiceProvider->boot()
#13 /Users/mona/Downloads/xwiner/vendor/laravel/framework/src/Illuminate/Container/Util.php(41): Illuminate\\Container\\BoundMethod::Illuminate\\Container\\{closure}()
#14 /Users/mona/Downloads/xwiner/vendor/laravel/framework/src/Illuminate/Container/BoundMethod.php(93): Illuminate\\Container\\Util::unwrapIfClosure(Object(Closure))
#15 /Users/mona/Downloads/xwiner/vendor/laravel/framework/src/Illuminate/Container/BoundMethod.php(35): Illuminate\\Container\\BoundMethod::callBoundMethod(Object(Illuminate\\Foundation\\Application), Array, Object(Closure))
#16 /Users/mona/Downloads/xwiner/vendor/laravel/framework/src/Illuminate/Container/Container.php(662): Illuminate\\Container\\BoundMethod::call(Object(Illuminate\\Foundation\\Application), Array, Array, NULL)
#17 /Users/mona/Downloads/xwiner/vendor/laravel/framework/src/Illuminate/Foundation/Application.php(1006): Illuminate\\Container\\Container->call(Array)
#18 /Users/mona/Downloads/xwiner/vendor/laravel/framework/src/Illuminate/Foundation/Application.php(987): Illuminate\\Foundation\\Application->bootProvider(Object(Lavary\\Menu\\ServiceProvider))
#19 [internal function]: Illuminate\\Foundation\\Application->Illuminate\\Foundation\\{closure}(Object(Lavary\\Menu\\ServiceProvider), 25)
#20 /Users/mona/Downloads/xwiner/vendor/laravel/framework/src/Illuminate/Foundation/Application.php(986): array_walk(Array, Object(Closure))
#21 /Users/mona/Downloads/xwiner/vendor/laravel/framework/src/Illuminate/Foundation/Bootstrap/BootProviders.php(17): Illuminate\\Foundation\\Application->boot()
#22 /Users/mona/Downloads/xwiner/vendor/laravel/framework/src/Illuminate/Foundation/Application.php(261): Illuminate\\Foundation\\Bootstrap\\BootProviders->bootstrap(Object(Illuminate\\Foundation\\Application))
#23 /Users/mona/Downloads/xwiner/vendor/laravel/framework/src/Illuminate/Foundation/Console/Kernel.php(447): Illuminate\\Foundation\\Application->bootstrapWith(Array)
#24 /Users/mona/Downloads/xwiner/vendor/laravel/framework/src/Illuminate/Foundation/Console/Kernel.php(199): Illuminate\\Foundation\\Console\\Kernel->bootstrap()
#25 Command line code(1): Illuminate\\Foundation\\Console\\Kernel->handle(Object(Symfony\\Component\\Console\\Input\\ArgvInput), Object(Symfony\\Component\\Console\\Output\\ConsoleOutput))
#26 {main}
"} 
[2023-09-21 18:09:45] local.ERROR: Please provide a valid cache path. {"exception":"[object] (InvalidArgumentException(code: 0): Please provide a valid cache path. at /Users/mona/Downloads/xwiner/vendor/laravel/framework/src/Illuminate/View/Compilers/Compiler.php:66)
[stacktrace]
#0 /Users/mona/Downloads/xwiner/vendor/laravel/framework/src/Illuminate/View/ViewServiceProvider.php(96): Illuminate\\View\\Compilers\\Compiler->__construct(Object(Illuminate\\Filesystem\\Filesystem), false, '', true, 'php')
#1 /Users/mona/Downloads/xwiner/vendor/laravel/framework/src/Illuminate/Container/Container.php(908): Illuminate\\View\\ViewServiceProvider->Illuminate\\View\\{closure}(Object(Illuminate\\Foundation\\Application), Array)
#2 /Users/mona/Downloads/xwiner/vendor/laravel/framework/src/Illuminate/Container/Container.php(795): Illuminate\\Container\\Container->build(Object(Closure))
#3 /Users/mona/Downloads/xwiner/vendor/laravel/framework/src/Illuminate/Foundation/Application.php(933): Illuminate\\Container\\Container->resolve('blade.compiler', Array, true)
#4 /Users/mona/Downloads/xwiner/vendor/laravel/framework/src/Illuminate/Container/Container.php(731): Illuminate\\Foundation\\Application->resolve('blade.compiler', Array)
#5 /Users/mona/Downloads/xwiner/vendor/laravel/framework/src/Illuminate/Foundation/Application.php(918): Illuminate\\Container\\Container->make('blade.compiler', Array)
#6 /Users/mona/Downloads/xwiner/vendor/laravel/framework/src/Illuminate/Container/Container.php(1454): Illuminate\\Foundation\\Application->make('blade.compiler')
#7 /Users/mona/Downloads/xwiner/vendor/laravel/framework/src/Illuminate/Support/Facades/Facade.php(236): Illuminate\\Container\\Container->offsetGet('blade.compiler')
#8 /Users/mona/Downloads/xwiner/vendor/laravel/framework/src/Illuminate/Support/Facades/Facade.php(207): Illuminate\\Support\\Facades\\Facade::resolveFacadeInstance('blade.compiler')
#9 /Users/mona/Downloads/xwiner/vendor/laravel/framework/src/Illuminate/Support/Facades/Facade.php(347): Illuminate\\Support\\Facades\\Facade::getFacadeRoot()
#10 /Users/mona/Downloads/xwiner/vendor/lavary/laravel-menu/src/Lavary/Menu/ServiceProvider.php(70): Illuminate\\Support\\Facades\\Facade::__callStatic('directive', Array)
#11 /Users/mona/Downloads/xwiner/vendor/lavary/laravel-menu/src/Lavary/Menu/ServiceProvider.php(94): Lavary\\Menu\\ServiceProvider->bladeDirectives()
#12 /Users/mona/Downloads/xwiner/vendor/laravel/framework/src/Illuminate/Container/BoundMethod.php(36): Lavary\\Menu\\ServiceProvider->boot()
#13 /Users/mona/Downloads/xwiner/vendor/laravel/framework/src/Illuminate/Container/Util.php(41): Illuminate\\Container\\BoundMethod::Illuminate\\Container\\{closure}()
#14 /Users/mona/Downloads/xwiner/vendor/laravel/framework/src/Illuminate/Container/BoundMethod.php(93): Illuminate\\Container\\Util::unwrapIfClosure(Object(Closure))
#15 /Users/mona/Downloads/xwiner/vendor/laravel/framework/src/Illuminate/Container/BoundMethod.php(35): Illuminate\\Container\\BoundMethod::callBoundMethod(Object(Illuminate\\Foundation\\Application), Array, Object(Closure))
#16 /Users/mona/Downloads/xwiner/vendor/laravel/framework/src/Illuminate/Container/Container.php(662): Illuminate\\Container\\BoundMethod::call(Object(Illuminate\\Foundation\\Application), Array, Array, NULL)
#17 /Users/mona/Downloads/xwiner/vendor/laravel/framework/src/Illuminate/Foundation/Application.php(1006): Illuminate\\Container\\Container->call(Array)
#18 /Users/mona/Downloads/xwiner/vendor/laravel/framework/src/Illuminate/Foundation/Application.php(987): Illuminate\\Foundation\\Application->bootProvider(Object(Lavary\\Menu\\ServiceProvider))
#19 [internal function]: Illuminate\\Foundation\\Application->Illuminate\\Foundation\\{closure}(Object(Lavary\\Menu\\ServiceProvider), 25)
#20 /Users/mona/Downloads/xwiner/vendor/laravel/framework/src/Illuminate/Foundation/Application.php(986): array_walk(Array, Object(Closure))
#21 /Users/mona/Downloads/xwiner/vendor/laravel/framework/src/Illuminate/Foundation/Bootstrap/BootProviders.php(17): Illuminate\\Foundation\\Application->boot()
#22 /Users/mona/Downloads/xwiner/vendor/laravel/framework/src/Illuminate/Foundation/Application.php(261): Illuminate\\Foundation\\Bootstrap\\BootProviders->bootstrap(Object(Illuminate\\Foundation\\Application))
#23 /Users/mona/Downloads/xwiner/vendor/laravel/framework/src/Illuminate/Foundation/Console/Kernel.php(447): Illuminate\\Foundation\\Application->bootstrapWith(Array)
#24 /Users/mona/Downloads/xwiner/vendor/laravel/framework/src/Illuminate/Foundation/Console/Kernel.php(199): Illuminate\\Foundation\\Console\\Kernel->bootstrap()
#25 Command line code(1): Illuminate\\Foundation\\Console\\Kernel->handle(Object(Symfony\\Component\\Console\\Input\\ArgvInput), Object(Symfony\\Component\\Console\\Output\\ConsoleOutput))
#26 {main}
"} 
[2023-09-21 18:09:46] local.ERROR: Please provide a valid cache path. {"exception":"[object] (InvalidArgumentException(code: 0): Please provide a valid cache path. at /Users/mona/Downloads/xwiner/vendor/laravel/framework/src/Illuminate/View/Compilers/Compiler.php:66)
[stacktrace]
#0 /Users/mona/Downloads/xwiner/vendor/laravel/framework/src/Illuminate/View/ViewServiceProvider.php(96): Illuminate\\View\\Compilers\\Compiler->__construct(Object(Illuminate\\Filesystem\\Filesystem), false, '', true, 'php')
#1 /Users/mona/Downloads/xwiner/vendor/laravel/framework/src/Illuminate/Container/Container.php(908): Illuminate\\View\\ViewServiceProvider->Illuminate\\View\\{closure}(Object(Illuminate\\Foundation\\Application), Array)
#2 /Users/mona/Downloads/xwiner/vendor/laravel/framework/src/Illuminate/Container/Container.php(795): Illuminate\\Container\\Container->build(Object(Closure))
#3 /Users/mona/Downloads/xwiner/vendor/laravel/framework/src/Illuminate/Foundation/Application.php(933): Illuminate\\Container\\Container->resolve('blade.compiler', Array, true)
#4 /Users/mona/Downloads/xwiner/vendor/laravel/framework/src/Illuminate/Container/Container.php(731): Illuminate\\Foundation\\Application->resolve('blade.compiler', Array)
#5 /Users/mona/Downloads/xwiner/vendor/laravel/framework/src/Illuminate/Foundation/Application.php(918): Illuminate\\Container\\Container->make('blade.compiler', Array)
#6 /Users/mona/Downloads/xwiner/vendor/laravel/framework/src/Illuminate/Container/Container.php(1454): Illuminate\\Foundation\\Application->make('blade.compiler')
#7 /Users/mona/Downloads/xwiner/vendor/laravel/framework/src/Illuminate/Support/Facades/Facade.php(236): Illuminate\\Container\\Container->offsetGet('blade.compiler')
#8 /Users/mona/Downloads/xwiner/vendor/laravel/framework/src/Illuminate/Support/Facades/Facade.php(207): Illuminate\\Support\\Facades\\Facade::resolveFacadeInstance('blade.compiler')
#9 /Users/mona/Downloads/xwiner/vendor/laravel/framework/src/Illuminate/Support/Facades/Facade.php(347): Illuminate\\Support\\Facades\\Facade::getFacadeRoot()
#10 /Users/mona/Downloads/xwiner/vendor/lavary/laravel-menu/src/Lavary/Menu/ServiceProvider.php(70): Illuminate\\Support\\Facades\\Facade::__callStatic('directive', Array)
#11 /Users/mona/Downloads/xwiner/vendor/lavary/laravel-menu/src/Lavary/Menu/ServiceProvider.php(94): Lavary\\Menu\\ServiceProvider->bladeDirectives()
#12 /Users/mona/Downloads/xwiner/vendor/laravel/framework/src/Illuminate/Container/BoundMethod.php(36): Lavary\\Menu\\ServiceProvider->boot()
#13 /Users/mona/Downloads/xwiner/vendor/laravel/framework/src/Illuminate/Container/Util.php(41): Illuminate\\Container\\BoundMethod::Illuminate\\Container\\{closure}()
#14 /Users/mona/Downloads/xwiner/vendor/laravel/framework/src/Illuminate/Container/BoundMethod.php(93): Illuminate\\Container\\Util::unwrapIfClosure(Object(Closure))
#15 /Users/mona/Downloads/xwiner/vendor/laravel/framework/src/Illuminate/Container/BoundMethod.php(35): Illuminate\\Container\\BoundMethod::callBoundMethod(Object(Illuminate\\Foundation\\Application), Array, Object(Closure))
#16 /Users/mona/Downloads/xwiner/vendor/laravel/framework/src/Illuminate/Container/Container.php(662): Illuminate\\Container\\BoundMethod::call(Object(Illuminate\\Foundation\\Application), Array, Array, NULL)
#17 /Users/mona/Downloads/xwiner/vendor/laravel/framework/src/Illuminate/Foundation/Application.php(1006): Illuminate\\Container\\Container->call(Array)
#18 /Users/mona/Downloads/xwiner/vendor/laravel/framework/src/Illuminate/Foundation/Application.php(987): Illuminate\\Foundation\\Application->bootProvider(Object(Lavary\\Menu\\ServiceProvider))
#19 [internal function]: Illuminate\\Foundation\\Application->Illuminate\\Foundation\\{closure}(Object(Lavary\\Menu\\ServiceProvider), 25)
#20 /Users/mona/Downloads/xwiner/vendor/laravel/framework/src/Illuminate/Foundation/Application.php(986): array_walk(Array, Object(Closure))
#21 /Users/mona/Downloads/xwiner/vendor/laravel/framework/src/Illuminate/Foundation/Bootstrap/BootProviders.php(17): Illuminate\\Foundation\\Application->boot()
#22 /Users/mona/Downloads/xwiner/vendor/laravel/framework/src/Illuminate/Foundation/Application.php(261): Illuminate\\Foundation\\Bootstrap\\BootProviders->bootstrap(Object(Illuminate\\Foundation\\Application))
#23 /Users/mona/Downloads/xwiner/vendor/laravel/framework/src/Illuminate/Foundation/Console/Kernel.php(447): Illuminate\\Foundation\\Application->bootstrapWith(Array)
#24 /Users/mona/Downloads/xwiner/vendor/laravel/framework/src/Illuminate/Foundation/Console/Kernel.php(199): Illuminate\\Foundation\\Console\\Kernel->bootstrap()
#25 Command line code(1): Illuminate\\Foundation\\Console\\Kernel->handle(Object(Symfony\\Component\\Console\\Input\\ArgvInput), Object(Symfony\\Component\\Console\\Output\\ConsoleOutput))
#26 {main}
"} 
[2023-09-21 18:09:47] local.ERROR: Please provide a valid cache path. {"exception":"[object] (InvalidArgumentException(code: 0): Please provide a valid cache path. at /Users/mona/Downloads/xwiner/vendor/laravel/framework/src/Illuminate/View/Compilers/Compiler.php:66)
[stacktrace]
#0 /Users/mona/Downloads/xwiner/vendor/laravel/framework/src/Illuminate/View/ViewServiceProvider.php(96): Illuminate\\View\\Compilers\\Compiler->__construct(Object(Illuminate\\Filesystem\\Filesystem), false, '', true, 'php')
#1 /Users/mona/Downloads/xwiner/vendor/laravel/framework/src/Illuminate/Container/Container.php(908): Illuminate\\View\\ViewServiceProvider->Illuminate\\View\\{closure}(Object(Illuminate\\Foundation\\Application), Array)
#2 /Users/mona/Downloads/xwiner/vendor/laravel/framework/src/Illuminate/Container/Container.php(795): Illuminate\\Container\\Container->build(Object(Closure))
#3 /Users/mona/Downloads/xwiner/vendor/laravel/framework/src/Illuminate/Foundation/Application.php(933): Illuminate\\Container\\Container->resolve('blade.compiler', Array, true)
#4 /Users/mona/Downloads/xwiner/vendor/laravel/framework/src/Illuminate/Container/Container.php(731): Illuminate\\Foundation\\Application->resolve('blade.compiler', Array)
#5 /Users/mona/Downloads/xwiner/vendor/laravel/framework/src/Illuminate/Foundation/Application.php(918): Illuminate\\Container\\Container->make('blade.compiler', Array)
#6 /Users/mona/Downloads/xwiner/vendor/laravel/framework/src/Illuminate/Container/Container.php(1454): Illuminate\\Foundation\\Application->make('blade.compiler')
#7 /Users/mona/Downloads/xwiner/vendor/laravel/framework/src/Illuminate/Support/Facades/Facade.php(236): Illuminate\\Container\\Container->offsetGet('blade.compiler')
#8 /Users/mona/Downloads/xwiner/vendor/laravel/framework/src/Illuminate/Support/Facades/Facade.php(207): Illuminate\\Support\\Facades\\Facade::resolveFacadeInstance('blade.compiler')
#9 /Users/mona/Downloads/xwiner/vendor/laravel/framework/src/Illuminate/Support/Facades/Facade.php(347): Illuminate\\Support\\Facades\\Facade::getFacadeRoot()
#10 /Users/mona/Downloads/xwiner/vendor/lavary/laravel-menu/src/Lavary/Menu/ServiceProvider.php(70): Illuminate\\Support\\Facades\\Facade::__callStatic('directive', Array)
#11 /Users/mona/Downloads/xwiner/vendor/lavary/laravel-menu/src/Lavary/Menu/ServiceProvider.php(94): Lavary\\Menu\\ServiceProvider->bladeDirectives()
#12 /Users/mona/Downloads/xwiner/vendor/laravel/framework/src/Illuminate/Container/BoundMethod.php(36): Lavary\\Menu\\ServiceProvider->boot()
#13 /Users/mona/Downloads/xwiner/vendor/laravel/framework/src/Illuminate/Container/Util.php(41): Illuminate\\Container\\BoundMethod::Illuminate\\Container\\{closure}()
#14 /Users/mona/Downloads/xwiner/vendor/laravel/framework/src/Illuminate/Container/BoundMethod.php(93): Illuminate\\Container\\Util::unwrapIfClosure(Object(Closure))
#15 /Users/mona/Downloads/xwiner/vendor/laravel/framework/src/Illuminate/Container/BoundMethod.php(35): Illuminate\\Container\\BoundMethod::callBoundMethod(Object(Illuminate\\Foundation\\Application), Array, Object(Closure))
#16 /Users/mona/Downloads/xwiner/vendor/laravel/framework/src/Illuminate/Container/Container.php(662): Illuminate\\Container\\BoundMethod::call(Object(Illuminate\\Foundation\\Application), Array, Array, NULL)
#17 /Users/mona/Downloads/xwiner/vendor/laravel/framework/src/Illuminate/Foundation/Application.php(1006): Illuminate\\Container\\Container->call(Array)
#18 /Users/mona/Downloads/xwiner/vendor/laravel/framework/src/Illuminate/Foundation/Application.php(987): Illuminate\\Foundation\\Application->bootProvider(Object(Lavary\\Menu\\ServiceProvider))
#19 [internal function]: Illuminate\\Foundation\\Application->Illuminate\\Foundation\\{closure}(Object(Lavary\\Menu\\ServiceProvider), 25)
#20 /Users/mona/Downloads/xwiner/vendor/laravel/framework/src/Illuminate/Foundation/Application.php(986): array_walk(Array, Object(Closure))
#21 /Users/mona/Downloads/xwiner/vendor/laravel/framework/src/Illuminate/Foundation/Bootstrap/BootProviders.php(17): Illuminate\\Foundation\\Application->boot()
#22 /Users/mona/Downloads/xwiner/vendor/laravel/framework/src/Illuminate/Foundation/Application.php(261): Illuminate\\Foundation\\Bootstrap\\BootProviders->bootstrap(Object(Illuminate\\Foundation\\Application))
#23 /Users/mona/Downloads/xwiner/vendor/laravel/framework/src/Illuminate/Foundation/Console/Kernel.php(447): Illuminate\\Foundation\\Application->bootstrapWith(Array)
#24 /Users/mona/Downloads/xwiner/vendor/laravel/framework/src/Illuminate/Foundation/Console/Kernel.php(199): Illuminate\\Foundation\\Console\\Kernel->bootstrap()
#25 Command line code(1): Illuminate\\Foundation\\Console\\Kernel->handle(Object(Symfony\\Component\\Console\\Input\\ArgvInput), Object(Symfony\\Component\\Console\\Output\\ConsoleOutput))
#26 {main}
"} 
[2023-09-21 18:09:47] local.ERROR: Please provide a valid cache path. {"exception":"[object] (InvalidArgumentException(code: 0): Please provide a valid cache path. at /Users/mona/Downloads/xwiner/vendor/laravel/framework/src/Illuminate/View/Compilers/Compiler.php:66)
[stacktrace]
#0 /Users/mona/Downloads/xwiner/vendor/laravel/framework/src/Illuminate/View/ViewServiceProvider.php(96): Illuminate\\View\\Compilers\\Compiler->__construct(Object(Illuminate\\Filesystem\\Filesystem), false, '', true, 'php')
#1 /Users/mona/Downloads/xwiner/vendor/laravel/framework/src/Illuminate/Container/Container.php(908): Illuminate\\View\\ViewServiceProvider->Illuminate\\View\\{closure}(Object(Illuminate\\Foundation\\Application), Array)
#2 /Users/mona/Downloads/xwiner/vendor/laravel/framework/src/Illuminate/Container/Container.php(795): Illuminate\\Container\\Container->build(Object(Closure))
#3 /Users/mona/Downloads/xwiner/vendor/laravel/framework/src/Illuminate/Foundation/Application.php(933): Illuminate\\Container\\Container->resolve('blade.compiler', Array, true)
#4 /Users/mona/Downloads/xwiner/vendor/laravel/framework/src/Illuminate/Container/Container.php(731): Illuminate\\Foundation\\Application->resolve('blade.compiler', Array)
#5 /Users/mona/Downloads/xwiner/vendor/laravel/framework/src/Illuminate/Foundation/Application.php(918): Illuminate\\Container\\Container->make('blade.compiler', Array)
#6 /Users/mona/Downloads/xwiner/vendor/laravel/framework/src/Illuminate/Container/Container.php(1454): Illuminate\\Foundation\\Application->make('blade.compiler')
#7 /Users/mona/Downloads/xwiner/vendor/laravel/framework/src/Illuminate/Support/Facades/Facade.php(236): Illuminate\\Container\\Container->offsetGet('blade.compiler')
#8 /Users/mona/Downloads/xwiner/vendor/laravel/framework/src/Illuminate/Support/Facades/Facade.php(207): Illuminate\\Support\\Facades\\Facade::resolveFacadeInstance('blade.compiler')
#9 /Users/mona/Downloads/xwiner/vendor/laravel/framework/src/Illuminate/Support/Facades/Facade.php(347): Illuminate\\Support\\Facades\\Facade::getFacadeRoot()
#10 /Users/mona/Downloads/xwiner/vendor/lavary/laravel-menu/src/Lavary/Menu/ServiceProvider.php(70): Illuminate\\Support\\Facades\\Facade::__callStatic('directive', Array)
#11 /Users/mona/Downloads/xwiner/vendor/lavary/laravel-menu/src/Lavary/Menu/ServiceProvider.php(94): Lavary\\Menu\\ServiceProvider->bladeDirectives()
#12 /Users/mona/Downloads/xwiner/vendor/laravel/framework/src/Illuminate/Container/BoundMethod.php(36): Lavary\\Menu\\ServiceProvider->boot()
#13 /Users/mona/Downloads/xwiner/vendor/laravel/framework/src/Illuminate/Container/Util.php(41): Illuminate\\Container\\BoundMethod::Illuminate\\Container\\{closure}()
#14 /Users/mona/Downloads/xwiner/vendor/laravel/framework/src/Illuminate/Container/BoundMethod.php(93): Illuminate\\Container\\Util::unwrapIfClosure(Object(Closure))
#15 /Users/mona/Downloads/xwiner/vendor/laravel/framework/src/Illuminate/Container/BoundMethod.php(35): Illuminate\\Container\\BoundMethod::callBoundMethod(Object(Illuminate\\Foundation\\Application), Array, Object(Closure))
#16 /Users/mona/Downloads/xwiner/vendor/laravel/framework/src/Illuminate/Container/Container.php(662): Illuminate\\Container\\BoundMethod::call(Object(Illuminate\\Foundation\\Application), Array, Array, NULL)
#17 /Users/mona/Downloads/xwiner/vendor/laravel/framework/src/Illuminate/Foundation/Application.php(1006): Illuminate\\Container\\Container->call(Array)
#18 /Users/mona/Downloads/xwiner/vendor/laravel/framework/src/Illuminate/Foundation/Application.php(987): Illuminate\\Foundation\\Application->bootProvider(Object(Lavary\\Menu\\ServiceProvider))
#19 [internal function]: Illuminate\\Foundation\\Application->Illuminate\\Foundation\\{closure}(Object(Lavary\\Menu\\ServiceProvider), 25)
#20 /Users/mona/Downloads/xwiner/vendor/laravel/framework/src/Illuminate/Foundation/Application.php(986): array_walk(Array, Object(Closure))
#21 /Users/mona/Downloads/xwiner/vendor/laravel/framework/src/Illuminate/Foundation/Bootstrap/BootProviders.php(17): Illuminate\\Foundation\\Application->boot()
#22 /Users/mona/Downloads/xwiner/vendor/laravel/framework/src/Illuminate/Foundation/Application.php(261): Illuminate\\Foundation\\Bootstrap\\BootProviders->bootstrap(Object(Illuminate\\Foundation\\Application))
#23 /Users/mona/Downloads/xwiner/vendor/laravel/framework/src/Illuminate/Foundation/Console/Kernel.php(447): Illuminate\\Foundation\\Application->bootstrapWith(Array)
#24 /Users/mona/Downloads/xwiner/vendor/laravel/framework/src/Illuminate/Foundation/Console/Kernel.php(199): Illuminate\\Foundation\\Console\\Kernel->bootstrap()
#25 Command line code(1): Illuminate\\Foundation\\Console\\Kernel->handle(Object(Symfony\\Component\\Console\\Input\\ArgvInput), Object(Symfony\\Component\\Console\\Output\\ConsoleOutput))
#26 {main}
"} 
[2023-09-21 18:09:49] local.ERROR: Please provide a valid cache path. {"exception":"[object] (InvalidArgumentException(code: 0): Please provide a valid cache path. at /Users/mona/Downloads/xwiner/vendor/laravel/framework/src/Illuminate/View/Compilers/Compiler.php:66)
[stacktrace]
#0 /Users/mona/Downloads/xwiner/vendor/laravel/framework/src/Illuminate/View/ViewServiceProvider.php(96): Illuminate\\View\\Compilers\\Compiler->__construct(Object(Illuminate\\Filesystem\\Filesystem), false, '', true, 'php')
#1 /Users/mona/Downloads/xwiner/vendor/laravel/framework/src/Illuminate/Container/Container.php(908): Illuminate\\View\\ViewServiceProvider->Illuminate\\View\\{closure}(Object(Illuminate\\Foundation\\Application), Array)
#2 /Users/mona/Downloads/xwiner/vendor/laravel/framework/src/Illuminate/Container/Container.php(795): Illuminate\\Container\\Container->build(Object(Closure))
#3 /Users/mona/Downloads/xwiner/vendor/laravel/framework/src/Illuminate/Foundation/Application.php(933): Illuminate\\Container\\Container->resolve('blade.compiler', Array, true)
#4 /Users/mona/Downloads/xwiner/vendor/laravel/framework/src/Illuminate/Container/Container.php(731): Illuminate\\Foundation\\Application->resolve('blade.compiler', Array)
#5 /Users/mona/Downloads/xwiner/vendor/laravel/framework/src/Illuminate/Foundation/Application.php(918): Illuminate\\Container\\Container->make('blade.compiler', Array)
#6 /Users/mona/Downloads/xwiner/vendor/laravel/framework/src/Illuminate/Container/Container.php(1454): Illuminate\\Foundation\\Application->make('blade.compiler')
#7 /Users/mona/Downloads/xwiner/vendor/laravel/framework/src/Illuminate/Support/Facades/Facade.php(236): Illuminate\\Container\\Container->offsetGet('blade.compiler')
#8 /Users/mona/Downloads/xwiner/vendor/laravel/framework/src/Illuminate/Support/Facades/Facade.php(207): Illuminate\\Support\\Facades\\Facade::resolveFacadeInstance('blade.compiler')
#9 /Users/mona/Downloads/xwiner/vendor/laravel/framework/src/Illuminate/Support/Facades/Facade.php(347): Illuminate\\Support\\Facades\\Facade::getFacadeRoot()
#10 /Users/mona/Downloads/xwiner/vendor/lavary/laravel-menu/src/Lavary/Menu/ServiceProvider.php(70): Illuminate\\Support\\Facades\\Facade::__callStatic('directive', Array)
#11 /Users/mona/Downloads/xwiner/vendor/lavary/laravel-menu/src/Lavary/Menu/ServiceProvider.php(94): Lavary\\Menu\\ServiceProvider->bladeDirectives()
#12 /Users/mona/Downloads/xwiner/vendor/laravel/framework/src/Illuminate/Container/BoundMethod.php(36): Lavary\\Menu\\ServiceProvider->boot()
#13 /Users/mona/Downloads/xwiner/vendor/laravel/framework/src/Illuminate/Container/Util.php(41): Illuminate\\Container\\BoundMethod::Illuminate\\Container\\{closure}()
#14 /Users/mona/Downloads/xwiner/vendor/laravel/framework/src/Illuminate/Container/BoundMethod.php(93): Illuminate\\Container\\Util::unwrapIfClosure(Object(Closure))
#15 /Users/mona/Downloads/xwiner/vendor/laravel/framework/src/Illuminate/Container/BoundMethod.php(35): Illuminate\\Container\\BoundMethod::callBoundMethod(Object(Illuminate\\Foundation\\Application), Array, Object(Closure))
#16 /Users/mona/Downloads/xwiner/vendor/laravel/framework/src/Illuminate/Container/Container.php(662): Illuminate\\Container\\BoundMethod::call(Object(Illuminate\\Foundation\\Application), Array, Array, NULL)
#17 /Users/mona/Downloads/xwiner/vendor/laravel/framework/src/Illuminate/Foundation/Application.php(1006): Illuminate\\Container\\Container->call(Array)
#18 /Users/mona/Downloads/xwiner/vendor/laravel/framework/src/Illuminate/Foundation/Application.php(987): Illuminate\\Foundation\\Application->bootProvider(Object(Lavary\\Menu\\ServiceProvider))
#19 [internal function]: Illuminate\\Foundation\\Application->Illuminate\\Foundation\\{closure}(Object(Lavary\\Menu\\ServiceProvider), 25)
#20 /Users/mona/Downloads/xwiner/vendor/laravel/framework/src/Illuminate/Foundation/Application.php(986): array_walk(Array, Object(Closure))
#21 /Users/mona/Downloads/xwiner/vendor/laravel/framework/src/Illuminate/Foundation/Bootstrap/BootProviders.php(17): Illuminate\\Foundation\\Application->boot()
#22 /Users/mona/Downloads/xwiner/vendor/laravel/framework/src/Illuminate/Foundation/Application.php(261): Illuminate\\Foundation\\Bootstrap\\BootProviders->bootstrap(Object(Illuminate\\Foundation\\Application))
#23 /Users/mona/Downloads/xwiner/vendor/laravel/framework/src/Illuminate/Foundation/Console/Kernel.php(447): Illuminate\\Foundation\\Application->bootstrapWith(Array)
#24 /Users/mona/Downloads/xwiner/vendor/laravel/framework/src/Illuminate/Foundation/Console/Kernel.php(199): Illuminate\\Foundation\\Console\\Kernel->bootstrap()
#25 Command line code(1): Illuminate\\Foundation\\Console\\Kernel->handle(Object(Symfony\\Component\\Console\\Input\\ArgvInput), Object(Symfony\\Component\\Console\\Output\\ConsoleOutput))
#26 {main}
"} 
[2023-09-21 18:09:50] local.ERROR: Please provide a valid cache path. {"exception":"[object] (InvalidArgumentException(code: 0): Please provide a valid cache path. at /Users/mona/Downloads/xwiner/vendor/laravel/framework/src/Illuminate/View/Compilers/Compiler.php:66)
[stacktrace]
#0 /Users/mona/Downloads/xwiner/vendor/laravel/framework/src/Illuminate/View/ViewServiceProvider.php(96): Illuminate\\View\\Compilers\\Compiler->__construct(Object(Illuminate\\Filesystem\\Filesystem), false, '', true, 'php')
#1 /Users/mona/Downloads/xwiner/vendor/laravel/framework/src/Illuminate/Container/Container.php(908): Illuminate\\View\\ViewServiceProvider->Illuminate\\View\\{closure}(Object(Illuminate\\Foundation\\Application), Array)
#2 /Users/mona/Downloads/xwiner/vendor/laravel/framework/src/Illuminate/Container/Container.php(795): Illuminate\\Container\\Container->build(Object(Closure))
#3 /Users/mona/Downloads/xwiner/vendor/laravel/framework/src/Illuminate/Foundation/Application.php(933): Illuminate\\Container\\Container->resolve('blade.compiler', Array, true)
#4 /Users/mona/Downloads/xwiner/vendor/laravel/framework/src/Illuminate/Container/Container.php(731): Illuminate\\Foundation\\Application->resolve('blade.compiler', Array)
#5 /Users/mona/Downloads/xwiner/vendor/laravel/framework/src/Illuminate/Foundation/Application.php(918): Illuminate\\Container\\Container->make('blade.compiler', Array)
#6 /Users/mona/Downloads/xwiner/vendor/laravel/framework/src/Illuminate/Container/Container.php(1454): Illuminate\\Foundation\\Application->make('blade.compiler')
#7 /Users/mona/Downloads/xwiner/vendor/laravel/framework/src/Illuminate/Support/Facades/Facade.php(236): Illuminate\\Container\\Container->offsetGet('blade.compiler')
#8 /Users/mona/Downloads/xwiner/vendor/laravel/framework/src/Illuminate/Support/Facades/Facade.php(207): Illuminate\\Support\\Facades\\Facade::resolveFacadeInstance('blade.compiler')
#9 /Users/mona/Downloads/xwiner/vendor/laravel/framework/src/Illuminate/Support/Facades/Facade.php(347): Illuminate\\Support\\Facades\\Facade::getFacadeRoot()
#10 /Users/mona/Downloads/xwiner/vendor/lavary/laravel-menu/src/Lavary/Menu/ServiceProvider.php(70): Illuminate\\Support\\Facades\\Facade::__callStatic('directive', Array)
#11 /Users/mona/Downloads/xwiner/vendor/lavary/laravel-menu/src/Lavary/Menu/ServiceProvider.php(94): Lavary\\Menu\\ServiceProvider->bladeDirectives()
#12 /Users/mona/Downloads/xwiner/vendor/laravel/framework/src/Illuminate/Container/BoundMethod.php(36): Lavary\\Menu\\ServiceProvider->boot()
#13 /Users/mona/Downloads/xwiner/vendor/laravel/framework/src/Illuminate/Container/Util.php(41): Illuminate\\Container\\BoundMethod::Illuminate\\Container\\{closure}()
#14 /Users/mona/Downloads/xwiner/vendor/laravel/framework/src/Illuminate/Container/BoundMethod.php(93): Illuminate\\Container\\Util::unwrapIfClosure(Object(Closure))
#15 /Users/mona/Downloads/xwiner/vendor/laravel/framework/src/Illuminate/Container/BoundMethod.php(35): Illuminate\\Container\\BoundMethod::callBoundMethod(Object(Illuminate\\Foundation\\Application), Array, Object(Closure))
#16 /Users/mona/Downloads/xwiner/vendor/laravel/framework/src/Illuminate/Container/Container.php(662): Illuminate\\Container\\BoundMethod::call(Object(Illuminate\\Foundation\\Application), Array, Array, NULL)
#17 /Users/mona/Downloads/xwiner/vendor/laravel/framework/src/Illuminate/Foundation/Application.php(1006): Illuminate\\Container\\Container->call(Array)
#18 /Users/mona/Downloads/xwiner/vendor/laravel/framework/src/Illuminate/Foundation/Application.php(987): Illuminate\\Foundation\\Application->bootProvider(Object(Lavary\\Menu\\ServiceProvider))
#19 [internal function]: Illuminate\\Foundation\\Application->Illuminate\\Foundation\\{closure}(Object(Lavary\\Menu\\ServiceProvider), 25)
#20 /Users/mona/Downloads/xwiner/vendor/laravel/framework/src/Illuminate/Foundation/Application.php(986): array_walk(Array, Object(Closure))
#21 /Users/mona/Downloads/xwiner/vendor/laravel/framework/src/Illuminate/Foundation/Bootstrap/BootProviders.php(17): Illuminate\\Foundation\\Application->boot()
#22 /Users/mona/Downloads/xwiner/vendor/laravel/framework/src/Illuminate/Foundation/Application.php(261): Illuminate\\Foundation\\Bootstrap\\BootProviders->bootstrap(Object(Illuminate\\Foundation\\Application))
#23 /Users/mona/Downloads/xwiner/vendor/laravel/framework/src/Illuminate/Foundation/Console/Kernel.php(447): Illuminate\\Foundation\\Application->bootstrapWith(Array)
#24 /Users/mona/Downloads/xwiner/vendor/laravel/framework/src/Illuminate/Foundation/Console/Kernel.php(199): Illuminate\\Foundation\\Console\\Kernel->bootstrap()
#25 Command line code(1): Illuminate\\Foundation\\Console\\Kernel->handle(Object(Symfony\\Component\\Console\\Input\\ArgvInput), Object(Symfony\\Component\\Console\\Output\\ConsoleOutput))
#26 {main}
"} 
[2023-09-21 18:09:51] local.ERROR: Please provide a valid cache path. {"exception":"[object] (InvalidArgumentException(code: 0): Please provide a valid cache path. at /Users/mona/Downloads/xwiner/vendor/laravel/framework/src/Illuminate/View/Compilers/Compiler.php:66)
[stacktrace]
#0 /Users/mona/Downloads/xwiner/vendor/laravel/framework/src/Illuminate/View/ViewServiceProvider.php(96): Illuminate\\View\\Compilers\\Compiler->__construct(Object(Illuminate\\Filesystem\\Filesystem), false, '', true, 'php')
#1 /Users/mona/Downloads/xwiner/vendor/laravel/framework/src/Illuminate/Container/Container.php(908): Illuminate\\View\\ViewServiceProvider->Illuminate\\View\\{closure}(Object(Illuminate\\Foundation\\Application), Array)
#2 /Users/mona/Downloads/xwiner/vendor/laravel/framework/src/Illuminate/Container/Container.php(795): Illuminate\\Container\\Container->build(Object(Closure))
#3 /Users/mona/Downloads/xwiner/vendor/laravel/framework/src/Illuminate/Foundation/Application.php(933): Illuminate\\Container\\Container->resolve('blade.compiler', Array, true)
#4 /Users/mona/Downloads/xwiner/vendor/laravel/framework/src/Illuminate/Container/Container.php(731): Illuminate\\Foundation\\Application->resolve('blade.compiler', Array)
#5 /Users/mona/Downloads/xwiner/vendor/laravel/framework/src/Illuminate/Foundation/Application.php(918): Illuminate\\Container\\Container->make('blade.compiler', Array)
#6 /Users/mona/Downloads/xwiner/vendor/laravel/framework/src/Illuminate/Container/Container.php(1454): Illuminate\\Foundation\\Application->make('blade.compiler')
#7 /Users/mona/Downloads/xwiner/vendor/laravel/framework/src/Illuminate/Support/Facades/Facade.php(236): Illuminate\\Container\\Container->offsetGet('blade.compiler')
#8 /Users/mona/Downloads/xwiner/vendor/laravel/framework/src/Illuminate/Support/Facades/Facade.php(207): Illuminate\\Support\\Facades\\Facade::resolveFacadeInstance('blade.compiler')
#9 /Users/mona/Downloads/xwiner/vendor/laravel/framework/src/Illuminate/Support/Facades/Facade.php(347): Illuminate\\Support\\Facades\\Facade::getFacadeRoot()
#10 /Users/mona/Downloads/xwiner/vendor/lavary/laravel-menu/src/Lavary/Menu/ServiceProvider.php(70): Illuminate\\Support\\Facades\\Facade::__callStatic('directive', Array)
#11 /Users/mona/Downloads/xwiner/vendor/lavary/laravel-menu/src/Lavary/Menu/ServiceProvider.php(94): Lavary\\Menu\\ServiceProvider->bladeDirectives()
#12 /Users/mona/Downloads/xwiner/vendor/laravel/framework/src/Illuminate/Container/BoundMethod.php(36): Lavary\\Menu\\ServiceProvider->boot()
#13 /Users/mona/Downloads/xwiner/vendor/laravel/framework/src/Illuminate/Container/Util.php(41): Illuminate\\Container\\BoundMethod::Illuminate\\Container\\{closure}()
#14 /Users/mona/Downloads/xwiner/vendor/laravel/framework/src/Illuminate/Container/BoundMethod.php(93): Illuminate\\Container\\Util::unwrapIfClosure(Object(Closure))
#15 /Users/mona/Downloads/xwiner/vendor/laravel/framework/src/Illuminate/Container/BoundMethod.php(35): Illuminate\\Container\\BoundMethod::callBoundMethod(Object(Illuminate\\Foundation\\Application), Array, Object(Closure))
#16 /Users/mona/Downloads/xwiner/vendor/laravel/framework/src/Illuminate/Container/Container.php(662): Illuminate\\Container\\BoundMethod::call(Object(Illuminate\\Foundation\\Application), Array, Array, NULL)
#17 /Users/mona/Downloads/xwiner/vendor/laravel/framework/src/Illuminate/Foundation/Application.php(1006): Illuminate\\Container\\Container->call(Array)
#18 /Users/mona/Downloads/xwiner/vendor/laravel/framework/src/Illuminate/Foundation/Application.php(987): Illuminate\\Foundation\\Application->bootProvider(Object(Lavary\\Menu\\ServiceProvider))
#19 [internal function]: Illuminate\\Foundation\\Application->Illuminate\\Foundation\\{closure}(Object(Lavary\\Menu\\ServiceProvider), 25)
#20 /Users/mona/Downloads/xwiner/vendor/laravel/framework/src/Illuminate/Foundation/Application.php(986): array_walk(Array, Object(Closure))
#21 /Users/mona/Downloads/xwiner/vendor/laravel/framework/src/Illuminate/Foundation/Bootstrap/BootProviders.php(17): Illuminate\\Foundation\\Application->boot()
#22 /Users/mona/Downloads/xwiner/vendor/laravel/framework/src/Illuminate/Foundation/Application.php(261): Illuminate\\Foundation\\Bootstrap\\BootProviders->bootstrap(Object(Illuminate\\Foundation\\Application))
#23 /Users/mona/Downloads/xwiner/vendor/laravel/framework/src/Illuminate/Foundation/Console/Kernel.php(447): Illuminate\\Foundation\\Application->bootstrapWith(Array)
#24 /Users/mona/Downloads/xwiner/vendor/laravel/framework/src/Illuminate/Foundation/Console/Kernel.php(199): Illuminate\\Foundation\\Console\\Kernel->bootstrap()
#25 Command line code(1): Illuminate\\Foundation\\Console\\Kernel->handle(Object(Symfony\\Component\\Console\\Input\\ArgvInput), Object(Symfony\\Component\\Console\\Output\\ConsoleOutput))
#26 {main}
"} 
[2023-09-21 18:09:52] local.ERROR: Please provide a valid cache path. {"exception":"[object] (InvalidArgumentException(code: 0): Please provide a valid cache path. at /Users/mona/Downloads/xwiner/vendor/laravel/framework/src/Illuminate/View/Compilers/Compiler.php:66)
[stacktrace]
#0 /Users/mona/Downloads/xwiner/vendor/laravel/framework/src/Illuminate/View/ViewServiceProvider.php(96): Illuminate\\View\\Compilers\\Compiler->__construct(Object(Illuminate\\Filesystem\\Filesystem), false, '', true, 'php')
#1 /Users/mona/Downloads/xwiner/vendor/laravel/framework/src/Illuminate/Container/Container.php(908): Illuminate\\View\\ViewServiceProvider->Illuminate\\View\\{closure}(Object(Illuminate\\Foundation\\Application), Array)
#2 /Users/mona/Downloads/xwiner/vendor/laravel/framework/src/Illuminate/Container/Container.php(795): Illuminate\\Container\\Container->build(Object(Closure))
#3 /Users/mona/Downloads/xwiner/vendor/laravel/framework/src/Illuminate/Foundation/Application.php(933): Illuminate\\Container\\Container->resolve('blade.compiler', Array, true)
#4 /Users/mona/Downloads/xwiner/vendor/laravel/framework/src/Illuminate/Container/Container.php(731): Illuminate\\Foundation\\Application->resolve('blade.compiler', Array)
#5 /Users/mona/Downloads/xwiner/vendor/laravel/framework/src/Illuminate/Foundation/Application.php(918): Illuminate\\Container\\Container->make('blade.compiler', Array)
#6 /Users/mona/Downloads/xwiner/vendor/laravel/framework/src/Illuminate/Container/Container.php(1454): Illuminate\\Foundation\\Application->make('blade.compiler')
#7 /Users/mona/Downloads/xwiner/vendor/laravel/framework/src/Illuminate/Support/Facades/Facade.php(236): Illuminate\\Container\\Container->offsetGet('blade.compiler')
#8 /Users/mona/Downloads/xwiner/vendor/laravel/framework/src/Illuminate/Support/Facades/Facade.php(207): Illuminate\\Support\\Facades\\Facade::resolveFacadeInstance('blade.compiler')
#9 /Users/mona/Downloads/xwiner/vendor/laravel/framework/src/Illuminate/Support/Facades/Facade.php(347): Illuminate\\Support\\Facades\\Facade::getFacadeRoot()
#10 /Users/mona/Downloads/xwiner/vendor/lavary/laravel-menu/src/Lavary/Menu/ServiceProvider.php(70): Illuminate\\Support\\Facades\\Facade::__callStatic('directive', Array)
#11 /Users/mona/Downloads/xwiner/vendor/lavary/laravel-menu/src/Lavary/Menu/ServiceProvider.php(94): Lavary\\Menu\\ServiceProvider->bladeDirectives()
#12 /Users/mona/Downloads/xwiner/vendor/laravel/framework/src/Illuminate/Container/BoundMethod.php(36): Lavary\\Menu\\ServiceProvider->boot()
#13 /Users/mona/Downloads/xwiner/vendor/laravel/framework/src/Illuminate/Container/Util.php(41): Illuminate\\Container\\BoundMethod::Illuminate\\Container\\{closure}()
#14 /Users/mona/Downloads/xwiner/vendor/laravel/framework/src/Illuminate/Container/BoundMethod.php(93): Illuminate\\Container\\Util::unwrapIfClosure(Object(Closure))
#15 /Users/mona/Downloads/xwiner/vendor/laravel/framework/src/Illuminate/Container/BoundMethod.php(35): Illuminate\\Container\\BoundMethod::callBoundMethod(Object(Illuminate\\Foundation\\Application), Array, Object(Closure))
#16 /Users/mona/Downloads/xwiner/vendor/laravel/framework/src/Illuminate/Container/Container.php(662): Illuminate\\Container\\BoundMethod::call(Object(Illuminate\\Foundation\\Application), Array, Array, NULL)
#17 /Users/mona/Downloads/xwiner/vendor/laravel/framework/src/Illuminate/Foundation/Application.php(1006): Illuminate\\Container\\Container->call(Array)
#18 /Users/mona/Downloads/xwiner/vendor/laravel/framework/src/Illuminate/Foundation/Application.php(987): Illuminate\\Foundation\\Application->bootProvider(Object(Lavary\\Menu\\ServiceProvider))
#19 [internal function]: Illuminate\\Foundation\\Application->Illuminate\\Foundation\\{closure}(Object(Lavary\\Menu\\ServiceProvider), 25)
#20 /Users/mona/Downloads/xwiner/vendor/laravel/framework/src/Illuminate/Foundation/Application.php(986): array_walk(Array, Object(Closure))
#21 /Users/mona/Downloads/xwiner/vendor/laravel/framework/src/Illuminate/Foundation/Bootstrap/BootProviders.php(17): Illuminate\\Foundation\\Application->boot()
#22 /Users/mona/Downloads/xwiner/vendor/laravel/framework/src/Illuminate/Foundation/Application.php(261): Illuminate\\Foundation\\Bootstrap\\BootProviders->bootstrap(Object(Illuminate\\Foundation\\Application))
#23 /Users/mona/Downloads/xwiner/vendor/laravel/framework/src/Illuminate/Foundation/Console/Kernel.php(447): Illuminate\\Foundation\\Application->bootstrapWith(Array)
#24 /Users/mona/Downloads/xwiner/vendor/laravel/framework/src/Illuminate/Foundation/Console/Kernel.php(199): Illuminate\\Foundation\\Console\\Kernel->bootstrap()
#25 Command line code(1): Illuminate\\Foundation\\Console\\Kernel->handle(Object(Symfony\\Component\\Console\\Input\\ArgvInput), Object(Symfony\\Component\\Console\\Output\\ConsoleOutput))
#26 {main}
"} 
[2023-09-21 18:09:52] local.ERROR: Please provide a valid cache path. {"exception":"[object] (InvalidArgumentException(code: 0): Please provide a valid cache path. at /Users/mona/Downloads/xwiner/vendor/laravel/framework/src/Illuminate/View/Compilers/Compiler.php:66)
[stacktrace]
#0 /Users/mona/Downloads/xwiner/vendor/laravel/framework/src/Illuminate/View/ViewServiceProvider.php(96): Illuminate\\View\\Compilers\\Compiler->__construct(Object(Illuminate\\Filesystem\\Filesystem), false, '', true, 'php')
#1 /Users/mona/Downloads/xwiner/vendor/laravel/framework/src/Illuminate/Container/Container.php(908): Illuminate\\View\\ViewServiceProvider->Illuminate\\View\\{closure}(Object(Illuminate\\Foundation\\Application), Array)
#2 /Users/mona/Downloads/xwiner/vendor/laravel/framework/src/Illuminate/Container/Container.php(795): Illuminate\\Container\\Container->build(Object(Closure))
#3 /Users/mona/Downloads/xwiner/vendor/laravel/framework/src/Illuminate/Foundation/Application.php(933): Illuminate\\Container\\Container->resolve('blade.compiler', Array, true)
#4 /Users/mona/Downloads/xwiner/vendor/laravel/framework/src/Illuminate/Container/Container.php(731): Illuminate\\Foundation\\Application->resolve('blade.compiler', Array)
#5 /Users/mona/Downloads/xwiner/vendor/laravel/framework/src/Illuminate/Foundation/Application.php(918): Illuminate\\Container\\Container->make('blade.compiler', Array)
#6 /Users/mona/Downloads/xwiner/vendor/laravel/framework/src/Illuminate/Container/Container.php(1454): Illuminate\\Foundation\\Application->make('blade.compiler')
#7 /Users/mona/Downloads/xwiner/vendor/laravel/framework/src/Illuminate/Support/Facades/Facade.php(236): Illuminate\\Container\\Container->offsetGet('blade.compiler')
#8 /Users/mona/Downloads/xwiner/vendor/laravel/framework/src/Illuminate/Support/Facades/Facade.php(207): Illuminate\\Support\\Facades\\Facade::resolveFacadeInstance('blade.compiler')
#9 /Users/mona/Downloads/xwiner/vendor/laravel/framework/src/Illuminate/Support/Facades/Facade.php(347): Illuminate\\Support\\Facades\\Facade::getFacadeRoot()
#10 /Users/mona/Downloads/xwiner/vendor/lavary/laravel-menu/src/Lavary/Menu/ServiceProvider.php(70): Illuminate\\Support\\Facades\\Facade::__callStatic('directive', Array)
#11 /Users/mona/Downloads/xwiner/vendor/lavary/laravel-menu/src/Lavary/Menu/ServiceProvider.php(94): Lavary\\Menu\\ServiceProvider->bladeDirectives()
#12 /Users/mona/Downloads/xwiner/vendor/laravel/framework/src/Illuminate/Container/BoundMethod.php(36): Lavary\\Menu\\ServiceProvider->boot()
#13 /Users/mona/Downloads/xwiner/vendor/laravel/framework/src/Illuminate/Container/Util.php(41): Illuminate\\Container\\BoundMethod::Illuminate\\Container\\{closure}()
#14 /Users/mona/Downloads/xwiner/vendor/laravel/framework/src/Illuminate/Container/BoundMethod.php(93): Illuminate\\Container\\Util::unwrapIfClosure(Object(Closure))
#15 /Users/mona/Downloads/xwiner/vendor/laravel/framework/src/Illuminate/Container/BoundMethod.php(35): Illuminate\\Container\\BoundMethod::callBoundMethod(Object(Illuminate\\Foundation\\Application), Array, Object(Closure))
#16 /Users/mona/Downloads/xwiner/vendor/laravel/framework/src/Illuminate/Container/Container.php(662): Illuminate\\Container\\BoundMethod::call(Object(Illuminate\\Foundation\\Application), Array, Array, NULL)
#17 /Users/mona/Downloads/xwiner/vendor/laravel/framework/src/Illuminate/Foundation/Application.php(1006): Illuminate\\Container\\Container->call(Array)
#18 /Users/mona/Downloads/xwiner/vendor/laravel/framework/src/Illuminate/Foundation/Application.php(987): Illuminate\\Foundation\\Application->bootProvider(Object(Lavary\\Menu\\ServiceProvider))
#19 [internal function]: Illuminate\\Foundation\\Application->Illuminate\\Foundation\\{closure}(Object(Lavary\\Menu\\ServiceProvider), 25)
#20 /Users/mona/Downloads/xwiner/vendor/laravel/framework/src/Illuminate/Foundation/Application.php(986): array_walk(Array, Object(Closure))
#21 /Users/mona/Downloads/xwiner/vendor/laravel/framework/src/Illuminate/Foundation/Bootstrap/BootProviders.php(17): Illuminate\\Foundation\\Application->boot()
#22 /Users/mona/Downloads/xwiner/vendor/laravel/framework/src/Illuminate/Foundation/Application.php(261): Illuminate\\Foundation\\Bootstrap\\BootProviders->bootstrap(Object(Illuminate\\Foundation\\Application))
#23 /Users/mona/Downloads/xwiner/vendor/laravel/framework/src/Illuminate/Foundation/Console/Kernel.php(447): Illuminate\\Foundation\\Application->bootstrapWith(Array)
#24 /Users/mona/Downloads/xwiner/vendor/laravel/framework/src/Illuminate/Foundation/Console/Kernel.php(199): Illuminate\\Foundation\\Console\\Kernel->bootstrap()
#25 Command line code(1): Illuminate\\Foundation\\Console\\Kernel->handle(Object(Symfony\\Component\\Console\\Input\\ArgvInput), Object(Symfony\\Component\\Console\\Output\\ConsoleOutput))
#26 {main}
"} 
[2023-09-21 18:09:54] local.ERROR: Please provide a valid cache path. {"exception":"[object] (InvalidArgumentException(code: 0): Please provide a valid cache path. at /Users/mona/Downloads/xwiner/vendor/laravel/framework/src/Illuminate/View/Compilers/Compiler.php:66)
[stacktrace]
#0 /Users/mona/Downloads/xwiner/vendor/laravel/framework/src/Illuminate/View/ViewServiceProvider.php(96): Illuminate\\View\\Compilers\\Compiler->__construct(Object(Illuminate\\Filesystem\\Filesystem), false, '', true, 'php')
#1 /Users/mona/Downloads/xwiner/vendor/laravel/framework/src/Illuminate/Container/Container.php(908): Illuminate\\View\\ViewServiceProvider->Illuminate\\View\\{closure}(Object(Illuminate\\Foundation\\Application), Array)
#2 /Users/mona/Downloads/xwiner/vendor/laravel/framework/src/Illuminate/Container/Container.php(795): Illuminate\\Container\\Container->build(Object(Closure))
#3 /Users/mona/Downloads/xwiner/vendor/laravel/framework/src/Illuminate/Foundation/Application.php(933): Illuminate\\Container\\Container->resolve('blade.compiler', Array, true)
#4 /Users/mona/Downloads/xwiner/vendor/laravel/framework/src/Illuminate/Container/Container.php(731): Illuminate\\Foundation\\Application->resolve('blade.compiler', Array)
#5 /Users/mona/Downloads/xwiner/vendor/laravel/framework/src/Illuminate/Foundation/Application.php(918): Illuminate\\Container\\Container->make('blade.compiler', Array)
#6 /Users/mona/Downloads/xwiner/vendor/laravel/framework/src/Illuminate/Container/Container.php(1454): Illuminate\\Foundation\\Application->make('blade.compiler')
#7 /Users/mona/Downloads/xwiner/vendor/laravel/framework/src/Illuminate/Support/Facades/Facade.php(236): Illuminate\\Container\\Container->offsetGet('blade.compiler')
#8 /Users/mona/Downloads/xwiner/vendor/laravel/framework/src/Illuminate/Support/Facades/Facade.php(207): Illuminate\\Support\\Facades\\Facade::resolveFacadeInstance('blade.compiler')
#9 /Users/mona/Downloads/xwiner/vendor/laravel/framework/src/Illuminate/Support/Facades/Facade.php(347): Illuminate\\Support\\Facades\\Facade::getFacadeRoot()
#10 /Users/mona/Downloads/xwiner/vendor/lavary/laravel-menu/src/Lavary/Menu/ServiceProvider.php(70): Illuminate\\Support\\Facades\\Facade::__callStatic('directive', Array)
#11 /Users/mona/Downloads/xwiner/vendor/lavary/laravel-menu/src/Lavary/Menu/ServiceProvider.php(94): Lavary\\Menu\\ServiceProvider->bladeDirectives()
#12 /Users/mona/Downloads/xwiner/vendor/laravel/framework/src/Illuminate/Container/BoundMethod.php(36): Lavary\\Menu\\ServiceProvider->boot()
#13 /Users/mona/Downloads/xwiner/vendor/laravel/framework/src/Illuminate/Container/Util.php(41): Illuminate\\Container\\BoundMethod::Illuminate\\Container\\{closure}()
#14 /Users/mona/Downloads/xwiner/vendor/laravel/framework/src/Illuminate/Container/BoundMethod.php(93): Illuminate\\Container\\Util::unwrapIfClosure(Object(Closure))
#15 /Users/mona/Downloads/xwiner/vendor/laravel/framework/src/Illuminate/Container/BoundMethod.php(35): Illuminate\\Container\\BoundMethod::callBoundMethod(Object(Illuminate\\Foundation\\Application), Array, Object(Closure))
#16 /Users/mona/Downloads/xwiner/vendor/laravel/framework/src/Illuminate/Container/Container.php(662): Illuminate\\Container\\BoundMethod::call(Object(Illuminate\\Foundation\\Application), Array, Array, NULL)
#17 /Users/mona/Downloads/xwiner/vendor/laravel/framework/src/Illuminate/Foundation/Application.php(1006): Illuminate\\Container\\Container->call(Array)
#18 /Users/mona/Downloads/xwiner/vendor/laravel/framework/src/Illuminate/Foundation/Application.php(987): Illuminate\\Foundation\\Application->bootProvider(Object(Lavary\\Menu\\ServiceProvider))
#19 [internal function]: Illuminate\\Foundation\\Application->Illuminate\\Foundation\\{closure}(Object(Lavary\\Menu\\ServiceProvider), 25)
#20 /Users/mona/Downloads/xwiner/vendor/laravel/framework/src/Illuminate/Foundation/Application.php(986): array_walk(Array, Object(Closure))
#21 /Users/mona/Downloads/xwiner/vendor/laravel/framework/src/Illuminate/Foundation/Bootstrap/BootProviders.php(17): Illuminate\\Foundation\\Application->boot()
#22 /Users/mona/Downloads/xwiner/vendor/laravel/framework/src/Illuminate/Foundation/Application.php(261): Illuminate\\Foundation\\Bootstrap\\BootProviders->bootstrap(Object(Illuminate\\Foundation\\Application))
#23 /Users/mona/Downloads/xwiner/vendor/laravel/framework/src/Illuminate/Foundation/Console/Kernel.php(447): Illuminate\\Foundation\\Application->bootstrapWith(Array)
#24 /Users/mona/Downloads/xwiner/vendor/laravel/framework/src/Illuminate/Foundation/Console/Kernel.php(199): Illuminate\\Foundation\\Console\\Kernel->bootstrap()
#25 Command line code(1): Illuminate\\Foundation\\Console\\Kernel->handle(Object(Symfony\\Component\\Console\\Input\\ArgvInput), Object(Symfony\\Component\\Console\\Output\\ConsoleOutput))
#26 {main}
"} 
[2023-09-21 18:09:55] local.ERROR: Please provide a valid cache path. {"exception":"[object] (InvalidArgumentException(code: 0): Please provide a valid cache path. at /Users/mona/Downloads/xwiner/vendor/laravel/framework/src/Illuminate/View/Compilers/Compiler.php:66)
[stacktrace]
#0 /Users/mona/Downloads/xwiner/vendor/laravel/framework/src/Illuminate/View/ViewServiceProvider.php(96): Illuminate\\View\\Compilers\\Compiler->__construct(Object(Illuminate\\Filesystem\\Filesystem), false, '', true, 'php')
#1 /Users/mona/Downloads/xwiner/vendor/laravel/framework/src/Illuminate/Container/Container.php(908): Illuminate\\View\\ViewServiceProvider->Illuminate\\View\\{closure}(Object(Illuminate\\Foundation\\Application), Array)
#2 /Users/mona/Downloads/xwiner/vendor/laravel/framework/src/Illuminate/Container/Container.php(795): Illuminate\\Container\\Container->build(Object(Closure))
#3 /Users/mona/Downloads/xwiner/vendor/laravel/framework/src/Illuminate/Foundation/Application.php(933): Illuminate\\Container\\Container->resolve('blade.compiler', Array, true)
#4 /Users/mona/Downloads/xwiner/vendor/laravel/framework/src/Illuminate/Container/Container.php(731): Illuminate\\Foundation\\Application->resolve('blade.compiler', Array)
#5 /Users/mona/Downloads/xwiner/vendor/laravel/framework/src/Illuminate/Foundation/Application.php(918): Illuminate\\Container\\Container->make('blade.compiler', Array)
#6 /Users/mona/Downloads/xwiner/vendor/laravel/framework/src/Illuminate/Container/Container.php(1454): Illuminate\\Foundation\\Application->make('blade.compiler')
#7 /Users/mona/Downloads/xwiner/vendor/laravel/framework/src/Illuminate/Support/Facades/Facade.php(236): Illuminate\\Container\\Container->offsetGet('blade.compiler')
#8 /Users/mona/Downloads/xwiner/vendor/laravel/framework/src/Illuminate/Support/Facades/Facade.php(207): Illuminate\\Support\\Facades\\Facade::resolveFacadeInstance('blade.compiler')
#9 /Users/mona/Downloads/xwiner/vendor/laravel/framework/src/Illuminate/Support/Facades/Facade.php(347): Illuminate\\Support\\Facades\\Facade::getFacadeRoot()
#10 /Users/mona/Downloads/xwiner/vendor/lavary/laravel-menu/src/Lavary/Menu/ServiceProvider.php(70): Illuminate\\Support\\Facades\\Facade::__callStatic('directive', Array)
#11 /Users/mona/Downloads/xwiner/vendor/lavary/laravel-menu/src/Lavary/Menu/ServiceProvider.php(94): Lavary\\Menu\\ServiceProvider->bladeDirectives()
#12 /Users/mona/Downloads/xwiner/vendor/laravel/framework/src/Illuminate/Container/BoundMethod.php(36): Lavary\\Menu\\ServiceProvider->boot()
#13 /Users/mona/Downloads/xwiner/vendor/laravel/framework/src/Illuminate/Container/Util.php(41): Illuminate\\Container\\BoundMethod::Illuminate\\Container\\{closure}()
#14 /Users/mona/Downloads/xwiner/vendor/laravel/framework/src/Illuminate/Container/BoundMethod.php(93): Illuminate\\Container\\Util::unwrapIfClosure(Object(Closure))
#15 /Users/mona/Downloads/xwiner/vendor/laravel/framework/src/Illuminate/Container/BoundMethod.php(35): Illuminate\\Container\\BoundMethod::callBoundMethod(Object(Illuminate\\Foundation\\Application), Array, Object(Closure))
#16 /Users/mona/Downloads/xwiner/vendor/laravel/framework/src/Illuminate/Container/Container.php(662): Illuminate\\Container\\BoundMethod::call(Object(Illuminate\\Foundation\\Application), Array, Array, NULL)
#17 /Users/mona/Downloads/xwiner/vendor/laravel/framework/src/Illuminate/Foundation/Application.php(1006): Illuminate\\Container\\Container->call(Array)
#18 /Users/mona/Downloads/xwiner/vendor/laravel/framework/src/Illuminate/Foundation/Application.php(987): Illuminate\\Foundation\\Application->bootProvider(Object(Lavary\\Menu\\ServiceProvider))
#19 [internal function]: Illuminate\\Foundation\\Application->Illuminate\\Foundation\\{closure}(Object(Lavary\\Menu\\ServiceProvider), 25)
#20 /Users/mona/Downloads/xwiner/vendor/laravel/framework/src/Illuminate/Foundation/Application.php(986): array_walk(Array, Object(Closure))
#21 /Users/mona/Downloads/xwiner/vendor/laravel/framework/src/Illuminate/Foundation/Bootstrap/BootProviders.php(17): Illuminate\\Foundation\\Application->boot()
#22 /Users/mona/Downloads/xwiner/vendor/laravel/framework/src/Illuminate/Foundation/Application.php(261): Illuminate\\Foundation\\Bootstrap\\BootProviders->bootstrap(Object(Illuminate\\Foundation\\Application))
#23 /Users/mona/Downloads/xwiner/vendor/laravel/framework/src/Illuminate/Foundation/Console/Kernel.php(447): Illuminate\\Foundation\\Application->bootstrapWith(Array)
#24 /Users/mona/Downloads/xwiner/vendor/laravel/framework/src/Illuminate/Foundation/Console/Kernel.php(199): Illuminate\\Foundation\\Console\\Kernel->bootstrap()
#25 Command line code(1): Illuminate\\Foundation\\Console\\Kernel->handle(Object(Symfony\\Component\\Console\\Input\\ArgvInput), Object(Symfony\\Component\\Console\\Output\\ConsoleOutput))
#26 {main}
"} 
[2023-09-21 18:09:56] local.ERROR: Please provide a valid cache path. {"exception":"[object] (InvalidArgumentException(code: 0): Please provide a valid cache path. at /Users/mona/Downloads/xwiner/vendor/laravel/framework/src/Illuminate/View/Compilers/Compiler.php:66)
[stacktrace]
#0 /Users/mona/Downloads/xwiner/vendor/laravel/framework/src/Illuminate/View/ViewServiceProvider.php(96): Illuminate\\View\\Compilers\\Compiler->__construct(Object(Illuminate\\Filesystem\\Filesystem), false, '', true, 'php')
#1 /Users/mona/Downloads/xwiner/vendor/laravel/framework/src/Illuminate/Container/Container.php(908): Illuminate\\View\\ViewServiceProvider->Illuminate\\View\\{closure}(Object(Illuminate\\Foundation\\Application), Array)
#2 /Users/mona/Downloads/xwiner/vendor/laravel/framework/src/Illuminate/Container/Container.php(795): Illuminate\\Container\\Container->build(Object(Closure))
#3 /Users/mona/Downloads/xwiner/vendor/laravel/framework/src/Illuminate/Foundation/Application.php(933): Illuminate\\Container\\Container->resolve('blade.compiler', Array, true)
#4 /Users/mona/Downloads/xwiner/vendor/laravel/framework/src/Illuminate/Container/Container.php(731): Illuminate\\Foundation\\Application->resolve('blade.compiler', Array)
#5 /Users/mona/Downloads/xwiner/vendor/laravel/framework/src/Illuminate/Foundation/Application.php(918): Illuminate\\Container\\Container->make('blade.compiler', Array)
#6 /Users/mona/Downloads/xwiner/vendor/laravel/framework/src/Illuminate/Container/Container.php(1454): Illuminate\\Foundation\\Application->make('blade.compiler')
#7 /Users/mona/Downloads/xwiner/vendor/laravel/framework/src/Illuminate/Support/Facades/Facade.php(236): Illuminate\\Container\\Container->offsetGet('blade.compiler')
#8 /Users/mona/Downloads/xwiner/vendor/laravel/framework/src/Illuminate/Support/Facades/Facade.php(207): Illuminate\\Support\\Facades\\Facade::resolveFacadeInstance('blade.compiler')
#9 /Users/mona/Downloads/xwiner/vendor/laravel/framework/src/Illuminate/Support/Facades/Facade.php(347): Illuminate\\Support\\Facades\\Facade::getFacadeRoot()
#10 /Users/mona/Downloads/xwiner/vendor/lavary/laravel-menu/src/Lavary/Menu/ServiceProvider.php(70): Illuminate\\Support\\Facades\\Facade::__callStatic('directive', Array)
#11 /Users/mona/Downloads/xwiner/vendor/lavary/laravel-menu/src/Lavary/Menu/ServiceProvider.php(94): Lavary\\Menu\\ServiceProvider->bladeDirectives()
#12 /Users/mona/Downloads/xwiner/vendor/laravel/framework/src/Illuminate/Container/BoundMethod.php(36): Lavary\\Menu\\ServiceProvider->boot()
#13 /Users/mona/Downloads/xwiner/vendor/laravel/framework/src/Illuminate/Container/Util.php(41): Illuminate\\Container\\BoundMethod::Illuminate\\Container\\{closure}()
#14 /Users/mona/Downloads/xwiner/vendor/laravel/framework/src/Illuminate/Container/BoundMethod.php(93): Illuminate\\Container\\Util::unwrapIfClosure(Object(Closure))
#15 /Users/mona/Downloads/xwiner/vendor/laravel/framework/src/Illuminate/Container/BoundMethod.php(35): Illuminate\\Container\\BoundMethod::callBoundMethod(Object(Illuminate\\Foundation\\Application), Array, Object(Closure))
#16 /Users/mona/Downloads/xwiner/vendor/laravel/framework/src/Illuminate/Container/Container.php(662): Illuminate\\Container\\BoundMethod::call(Object(Illuminate\\Foundation\\Application), Array, Array, NULL)
#17 /Users/mona/Downloads/xwiner/vendor/laravel/framework/src/Illuminate/Foundation/Application.php(1006): Illuminate\\Container\\Container->call(Array)
#18 /Users/mona/Downloads/xwiner/vendor/laravel/framework/src/Illuminate/Foundation/Application.php(987): Illuminate\\Foundation\\Application->bootProvider(Object(Lavary\\Menu\\ServiceProvider))
#19 [internal function]: Illuminate\\Foundation\\Application->Illuminate\\Foundation\\{closure}(Object(Lavary\\Menu\\ServiceProvider), 25)
#20 /Users/mona/Downloads/xwiner/vendor/laravel/framework/src/Illuminate/Foundation/Application.php(986): array_walk(Array, Object(Closure))
#21 /Users/mona/Downloads/xwiner/vendor/laravel/framework/src/Illuminate/Foundation/Bootstrap/BootProviders.php(17): Illuminate\\Foundation\\Application->boot()
#22 /Users/mona/Downloads/xwiner/vendor/laravel/framework/src/Illuminate/Foundation/Application.php(261): Illuminate\\Foundation\\Bootstrap\\BootProviders->bootstrap(Object(Illuminate\\Foundation\\Application))
#23 /Users/mona/Downloads/xwiner/vendor/laravel/framework/src/Illuminate/Foundation/Console/Kernel.php(447): Illuminate\\Foundation\\Application->bootstrapWith(Array)
#24 /Users/mona/Downloads/xwiner/vendor/laravel/framework/src/Illuminate/Foundation/Console/Kernel.php(199): Illuminate\\Foundation\\Console\\Kernel->bootstrap()
#25 Command line code(1): Illuminate\\Foundation\\Console\\Kernel->handle(Object(Symfony\\Component\\Console\\Input\\ArgvInput), Object(Symfony\\Component\\Console\\Output\\ConsoleOutput))
#26 {main}
"} 
[2023-09-21 18:09:57] local.ERROR: Please provide a valid cache path. {"exception":"[object] (InvalidArgumentException(code: 0): Please provide a valid cache path. at /Users/mona/Downloads/xwiner/vendor/laravel/framework/src/Illuminate/View/Compilers/Compiler.php:66)
[stacktrace]
#0 /Users/mona/Downloads/xwiner/vendor/laravel/framework/src/Illuminate/View/ViewServiceProvider.php(96): Illuminate\\View\\Compilers\\Compiler->__construct(Object(Illuminate\\Filesystem\\Filesystem), false, '', true, 'php')
#1 /Users/mona/Downloads/xwiner/vendor/laravel/framework/src/Illuminate/Container/Container.php(908): Illuminate\\View\\ViewServiceProvider->Illuminate\\View\\{closure}(Object(Illuminate\\Foundation\\Application), Array)
#2 /Users/mona/Downloads/xwiner/vendor/laravel/framework/src/Illuminate/Container/Container.php(795): Illuminate\\Container\\Container->build(Object(Closure))
#3 /Users/mona/Downloads/xwiner/vendor/laravel/framework/src/Illuminate/Foundation/Application.php(933): Illuminate\\Container\\Container->resolve('blade.compiler', Array, true)
#4 /Users/mona/Downloads/xwiner/vendor/laravel/framework/src/Illuminate/Container/Container.php(731): Illuminate\\Foundation\\Application->resolve('blade.compiler', Array)
#5 /Users/mona/Downloads/xwiner/vendor/laravel/framework/src/Illuminate/Foundation/Application.php(918): Illuminate\\Container\\Container->make('blade.compiler', Array)
#6 /Users/mona/Downloads/xwiner/vendor/laravel/framework/src/Illuminate/Container/Container.php(1454): Illuminate\\Foundation\\Application->make('blade.compiler')
#7 /Users/mona/Downloads/xwiner/vendor/laravel/framework/src/Illuminate/Support/Facades/Facade.php(236): Illuminate\\Container\\Container->offsetGet('blade.compiler')
#8 /Users/mona/Downloads/xwiner/vendor/laravel/framework/src/Illuminate/Support/Facades/Facade.php(207): Illuminate\\Support\\Facades\\Facade::resolveFacadeInstance('blade.compiler')
#9 /Users/mona/Downloads/xwiner/vendor/laravel/framework/src/Illuminate/Support/Facades/Facade.php(347): Illuminate\\Support\\Facades\\Facade::getFacadeRoot()
#10 /Users/mona/Downloads/xwiner/vendor/lavary/laravel-menu/src/Lavary/Menu/ServiceProvider.php(70): Illuminate\\Support\\Facades\\Facade::__callStatic('directive', Array)
#11 /Users/mona/Downloads/xwiner/vendor/lavary/laravel-menu/src/Lavary/Menu/ServiceProvider.php(94): Lavary\\Menu\\ServiceProvider->bladeDirectives()
#12 /Users/mona/Downloads/xwiner/vendor/laravel/framework/src/Illuminate/Container/BoundMethod.php(36): Lavary\\Menu\\ServiceProvider->boot()
#13 /Users/mona/Downloads/xwiner/vendor/laravel/framework/src/Illuminate/Container/Util.php(41): Illuminate\\Container\\BoundMethod::Illuminate\\Container\\{closure}()
#14 /Users/mona/Downloads/xwiner/vendor/laravel/framework/src/Illuminate/Container/BoundMethod.php(93): Illuminate\\Container\\Util::unwrapIfClosure(Object(Closure))
#15 /Users/mona/Downloads/xwiner/vendor/laravel/framework/src/Illuminate/Container/BoundMethod.php(35): Illuminate\\Container\\BoundMethod::callBoundMethod(Object(Illuminate\\Foundation\\Application), Array, Object(Closure))
#16 /Users/mona/Downloads/xwiner/vendor/laravel/framework/src/Illuminate/Container/Container.php(662): Illuminate\\Container\\BoundMethod::call(Object(Illuminate\\Foundation\\Application), Array, Array, NULL)
#17 /Users/mona/Downloads/xwiner/vendor/laravel/framework/src/Illuminate/Foundation/Application.php(1006): Illuminate\\Container\\Container->call(Array)
#18 /Users/mona/Downloads/xwiner/vendor/laravel/framework/src/Illuminate/Foundation/Application.php(987): Illuminate\\Foundation\\Application->bootProvider(Object(Lavary\\Menu\\ServiceProvider))
#19 [internal function]: Illuminate\\Foundation\\Application->Illuminate\\Foundation\\{closure}(Object(Lavary\\Menu\\ServiceProvider), 25)
#20 /Users/mona/Downloads/xwiner/vendor/laravel/framework/src/Illuminate/Foundation/Application.php(986): array_walk(Array, Object(Closure))
#21 /Users/mona/Downloads/xwiner/vendor/laravel/framework/src/Illuminate/Foundation/Bootstrap/BootProviders.php(17): Illuminate\\Foundation\\Application->boot()
#22 /Users/mona/Downloads/xwiner/vendor/laravel/framework/src/Illuminate/Foundation/Application.php(261): Illuminate\\Foundation\\Bootstrap\\BootProviders->bootstrap(Object(Illuminate\\Foundation\\Application))
#23 /Users/mona/Downloads/xwiner/vendor/laravel/framework/src/Illuminate/Foundation/Console/Kernel.php(447): Illuminate\\Foundation\\Application->bootstrapWith(Array)
#24 /Users/mona/Downloads/xwiner/vendor/laravel/framework/src/Illuminate/Foundation/Console/Kernel.php(199): Illuminate\\Foundation\\Console\\Kernel->bootstrap()
#25 Command line code(1): Illuminate\\Foundation\\Console\\Kernel->handle(Object(Symfony\\Component\\Console\\Input\\ArgvInput), Object(Symfony\\Component\\Console\\Output\\ConsoleOutput))
#26 {main}
"} 
